Grammar

    0 $accept: Program $end

    1 Program: ClassDef ClassDefList

    2 ClassDefList: ClassDefList ClassDef
    3             | %empty

    4 ClassDef: KEY_CLASS IDENTIFIER '{' Fields '}'
    5         | KEY_CLASS IDENTIFIER KEY_EXTENDS IDENTIFIER '{' Fields '}'

    6 Fields: VariableDef Fields
    7       | FunctionDef Fields
    8       | %empty

    9 VariableDef: Variable ';'

   10 Variable: Type IDENTIFIER

   11 Type: TYPE_INTEGER
   12     | TYPE_FLOAT
   13     | TYPE_BOOL
   14     | TYPE_STRING
   15     | TYPE_VOID
   16     | KEY_CLASS IDENTIFIER
   17     | Type '[' ']'

   18 Formals: FormalList
   19        | %empty

   20 FormalList: FormalList ',' Variable
   21           | Variable

   22 FunctionDef: Type IDENTIFIER '(' Formals ')' StmtBlock
   23            | KEY_STATIC Type IDENTIFIER '(' Formals ')' StmtBlock

   24 StmtBlock: '{' StmtList '}'

   25 StmtList: Stmt StmtList
   26         | %empty

   27 Stmt: VariableDef
   28     | SimpleStmt ';'
   29     | IfStmt
   30     | WhileStmt
   31     | ForStmt
   32     | BreakStmt ';'
   33     | ReturnStmt ';'
   34     | PrintStmt ';'
   35     | StmtBlock

   36 SimpleStmt: LValue '=' Expr
   37           | %empty

   38 LValue: IDENTIFIER
   39       | Expr '[' Expr ']'
   40       | Expr '.' IDENTIFIER

   41 Call: IDENTIFIER '(' Actuals ')'
   42     | Expr '.' IDENTIFIER '(' Actuals ')'

   43 Actuals: ExprList
   44        | %empty

   45 ExprList: ExprList ',' Expr
   46         | Expr

   47 ForStmt: KEY_FOR '(' SimpleStmt ';' BoolExpr ';' SimpleStmt ')' Stmt

   48 WhileStmt: KEY_WHILE '(' BoolExpr ')' Stmt

   49 IfStmt: KEY_IF '(' BoolExpr ')' Stmt
   50       | KEY_IF '(' BoolExpr ')' Stmt KEY_ELSE Stmt

   51 ReturnStmt: KEY_RETURN
   52           | KEY_RETURN Expr

   53 BreakStmt: KEY_BREAK

   54 PrintStmt: KEY_PRINT '(' ExprList ')'

   55 BoolExpr: Expr

   56 Expr: Constant
   57     | LValue
   58     | KEY_THIS
   59     | Call
   60     | '(' Expr ')'
   61     | Expr '+' Expr
   62     | Expr '-' Expr
   63     | Expr '*' Expr
   64     | Expr '/' Expr
   65     | Expr '%' Expr
   66     | '-' Expr
   67     | Expr '<' Expr
   68     | Expr OP_LE Expr
   69     | Expr '>' Expr
   70     | Expr OP_GE Expr
   71     | Expr OP_EQUAL Expr
   72     | Expr OP_NOTEQUAL Expr
   73     | Expr OP_AND Expr
   74     | Expr OP_OR Expr
   75     | '!' Expr
   76     | KEY_READINTEGER '(' ')'
   77     | KEY_READLINE '(' ')'
   78     | KEY_NEW IDENTIFIER '(' ')'
   79     | KEY_NEW Type '[' Expr ']'
   80     | KEY_INSTANCEOF '(' Expr ',' IDENTIFIER ')'
   81     | '(' KEY_CLASS IDENTIFIER ')' Expr

   82 Constant: CONSTANT_BOOL
   83         | CONSTANT_FLOAT
   84         | CONSTANT_FLOAT_SC
   85         | CONSTANT_INT_D
   86         | CONSTANT_INT_H
   87         | CONSTANT_STRING
   88         | CONSTANT_NULL


Terminals, with rules where they appear

$end (0) 0
'!' (33) 75
'%' (37) 65
'(' (40) 22 23 41 42 47 48 49 50 54 60 76 77 78 80 81
')' (41) 22 23 41 42 47 48 49 50 54 60 76 77 78 80 81
'*' (42) 63
'+' (43) 61
',' (44) 20 45 80
'-' (45) 62 66
'.' (46) 40 42
'/' (47) 64
';' (59) 9 28 32 33 34 47
'<' (60) 67
'=' (61) 36
'>' (62) 69
'[' (91) 17 39 79
']' (93) 17 39 79
'{' (123) 4 5 24
'}' (125) 4 5 24
error (256)
KEY_CLASS (258) 4 5 16 81
KEY_RETURN (259) 51 52
KEY_FOR (260) 47
KEY_NEW (261) 78 79
KEY_THIS (262) 58
KEY_WHILE (263) 48
KEY_STATIC (264) 23
KEY_BREAK (265) 53
KEY_IF (266) 49 50
KEY_ELSE (267) 50
KEY_EXTENDS (268) 5
KEY_PRINT (269) 54
KEY_READINTEGER (270) 76
KEY_READLINE (271) 77
KEY_INSTANCEOF (272) 80
OP_LE (273) 68
OP_GE (274) 70
OP_EQUAL (275) 71
OP_NOTEQUAL (276) 72
OP_AND (277) 73
OP_OR (278) 74
TYPE_VOID (279) 15
TYPE_INTEGER (280) 11
TYPE_FLOAT (281) 12
TYPE_BOOL (282) 13
TYPE_STRING (283) 14
CONSTANT_BOOL (284) 82
CONSTANT_INT_D (285) 85
CONSTANT_INT_H (286) 86
CONSTANT_FLOAT (287) 83
CONSTANT_FLOAT_SC (288) 84
CONSTANT_STRING (289) 87
CONSTANT_NULL (290) 88
IDENTIFIER (291) 4 5 10 16 22 23 38 40 41 42 78 80 81
UMINUS (292)
SINGLE_IF (293)


Nonterminals, with rules where they appear

$accept (57)
    on left: 0
Program (58)
    on left: 1, on right: 0
ClassDefList (59)
    on left: 2 3, on right: 1 2
ClassDef (60)
    on left: 4 5, on right: 1 2
Fields (61)
    on left: 6 7 8, on right: 4 5 6 7
VariableDef (62)
    on left: 9, on right: 6 27
Variable (63)
    on left: 10, on right: 9 20 21
Type (64)
    on left: 11 12 13 14 15 16 17, on right: 10 17 22 23 79
Formals (65)
    on left: 18 19, on right: 22 23
FormalList (66)
    on left: 20 21, on right: 18 20
FunctionDef (67)
    on left: 22 23, on right: 7
StmtBlock (68)
    on left: 24, on right: 22 23 35
StmtList (69)
    on left: 25 26, on right: 24 25
Stmt (70)
    on left: 27 28 29 30 31 32 33 34 35, on right: 25 47 48 49 50
SimpleStmt (71)
    on left: 36 37, on right: 28 47
LValue (72)
    on left: 38 39 40, on right: 36 57
Call (73)
    on left: 41 42, on right: 59
Actuals (74)
    on left: 43 44, on right: 41 42
ExprList (75)
    on left: 45 46, on right: 43 45 54
ForStmt (76)
    on left: 47, on right: 31
WhileStmt (77)
    on left: 48, on right: 30
IfStmt (78)
    on left: 49 50, on right: 29
ReturnStmt (79)
    on left: 51 52, on right: 33
BreakStmt (80)
    on left: 53, on right: 32
PrintStmt (81)
    on left: 54, on right: 34
BoolExpr (82)
    on left: 55, on right: 47 48 49 50
Expr (83)
    on left: 56 57 58 59 60 61 62 63 64 65 66 67 68 69 70 71 72 73
    74 75 76 77 78 79 80 81, on right: 36 39 40 42 45 46 52 55 60 61
    62 63 64 65 66 67 68 69 70 71 72 73 74 75 79 80 81
Constant (84)
    on left: 82 83 84 85 86 87 88, on right: 56


State 0

    0 $accept: . Program $end

    KEY_CLASS  shift, and go to state 1

    Program   go to state 2
    ClassDef  go to state 3


State 1

    4 ClassDef: KEY_CLASS . IDENTIFIER '{' Fields '}'
    5         | KEY_CLASS . IDENTIFIER KEY_EXTENDS IDENTIFIER '{' Fields '}'

    IDENTIFIER  shift, and go to state 4


State 2

    0 $accept: Program . $end

    $end  shift, and go to state 5


State 3

    1 Program: ClassDef . ClassDefList

    $default  reduce using rule 3 (ClassDefList)

    ClassDefList  go to state 6


State 4

    4 ClassDef: KEY_CLASS IDENTIFIER . '{' Fields '}'
    5         | KEY_CLASS IDENTIFIER . KEY_EXTENDS IDENTIFIER '{' Fields '}'

    KEY_EXTENDS  shift, and go to state 7
    '{'          shift, and go to state 8


State 5

    0 $accept: Program $end .

    $default  accept


State 6

    1 Program: ClassDef ClassDefList .
    2 ClassDefList: ClassDefList . ClassDef

    KEY_CLASS  shift, and go to state 1

    $default  reduce using rule 1 (Program)

    ClassDef  go to state 9


State 7

    5 ClassDef: KEY_CLASS IDENTIFIER KEY_EXTENDS . IDENTIFIER '{' Fields '}'

    IDENTIFIER  shift, and go to state 10


State 8

    4 ClassDef: KEY_CLASS IDENTIFIER '{' . Fields '}'

    KEY_CLASS     shift, and go to state 11
    KEY_STATIC    shift, and go to state 12
    TYPE_VOID     shift, and go to state 13
    TYPE_INTEGER  shift, and go to state 14
    TYPE_FLOAT    shift, and go to state 15
    TYPE_BOOL     shift, and go to state 16
    TYPE_STRING   shift, and go to state 17

    $default  reduce using rule 8 (Fields)

    Fields       go to state 18
    VariableDef  go to state 19
    Variable     go to state 20
    Type         go to state 21
    FunctionDef  go to state 22


State 9

    2 ClassDefList: ClassDefList ClassDef .

    $default  reduce using rule 2 (ClassDefList)


State 10

    5 ClassDef: KEY_CLASS IDENTIFIER KEY_EXTENDS IDENTIFIER . '{' Fields '}'

    '{'  shift, and go to state 23


State 11

   16 Type: KEY_CLASS . IDENTIFIER

    IDENTIFIER  shift, and go to state 24


State 12

   23 FunctionDef: KEY_STATIC . Type IDENTIFIER '(' Formals ')' StmtBlock

    KEY_CLASS     shift, and go to state 11
    TYPE_VOID     shift, and go to state 13
    TYPE_INTEGER  shift, and go to state 14
    TYPE_FLOAT    shift, and go to state 15
    TYPE_BOOL     shift, and go to state 16
    TYPE_STRING   shift, and go to state 17

    Type  go to state 25


State 13

   15 Type: TYPE_VOID .

    $default  reduce using rule 15 (Type)


State 14

   11 Type: TYPE_INTEGER .

    $default  reduce using rule 11 (Type)


State 15

   12 Type: TYPE_FLOAT .

    $default  reduce using rule 12 (Type)


State 16

   13 Type: TYPE_BOOL .

    $default  reduce using rule 13 (Type)


State 17

   14 Type: TYPE_STRING .

    $default  reduce using rule 14 (Type)


State 18

    4 ClassDef: KEY_CLASS IDENTIFIER '{' Fields . '}'

    '}'  shift, and go to state 26


State 19

    6 Fields: VariableDef . Fields

    KEY_CLASS     shift, and go to state 11
    KEY_STATIC    shift, and go to state 12
    TYPE_VOID     shift, and go to state 13
    TYPE_INTEGER  shift, and go to state 14
    TYPE_FLOAT    shift, and go to state 15
    TYPE_BOOL     shift, and go to state 16
    TYPE_STRING   shift, and go to state 17

    $default  reduce using rule 8 (Fields)

    Fields       go to state 27
    VariableDef  go to state 19
    Variable     go to state 20
    Type         go to state 21
    FunctionDef  go to state 22


State 20

    9 VariableDef: Variable . ';'

    ';'  shift, and go to state 28


State 21

   10 Variable: Type . IDENTIFIER
   17 Type: Type . '[' ']'
   22 FunctionDef: Type . IDENTIFIER '(' Formals ')' StmtBlock

    '['         shift, and go to state 29
    IDENTIFIER  shift, and go to state 30


State 22

    7 Fields: FunctionDef . Fields

    KEY_CLASS     shift, and go to state 11
    KEY_STATIC    shift, and go to state 12
    TYPE_VOID     shift, and go to state 13
    TYPE_INTEGER  shift, and go to state 14
    TYPE_FLOAT    shift, and go to state 15
    TYPE_BOOL     shift, and go to state 16
    TYPE_STRING   shift, and go to state 17

    $default  reduce using rule 8 (Fields)

    Fields       go to state 31
    VariableDef  go to state 19
    Variable     go to state 20
    Type         go to state 21
    FunctionDef  go to state 22


State 23

    5 ClassDef: KEY_CLASS IDENTIFIER KEY_EXTENDS IDENTIFIER '{' . Fields '}'

    KEY_CLASS     shift, and go to state 11
    KEY_STATIC    shift, and go to state 12
    TYPE_VOID     shift, and go to state 13
    TYPE_INTEGER  shift, and go to state 14
    TYPE_FLOAT    shift, and go to state 15
    TYPE_BOOL     shift, and go to state 16
    TYPE_STRING   shift, and go to state 17

    $default  reduce using rule 8 (Fields)

    Fields       go to state 32
    VariableDef  go to state 19
    Variable     go to state 20
    Type         go to state 21
    FunctionDef  go to state 22


State 24

   16 Type: KEY_CLASS IDENTIFIER .

    $default  reduce using rule 16 (Type)


State 25

   17 Type: Type . '[' ']'
   23 FunctionDef: KEY_STATIC Type . IDENTIFIER '(' Formals ')' StmtBlock

    '['         shift, and go to state 29
    IDENTIFIER  shift, and go to state 33


State 26

    4 ClassDef: KEY_CLASS IDENTIFIER '{' Fields '}' .

    $default  reduce using rule 4 (ClassDef)


State 27

    6 Fields: VariableDef Fields .

    $default  reduce using rule 6 (Fields)


State 28

    9 VariableDef: Variable ';' .

    $default  reduce using rule 9 (VariableDef)


State 29

   17 Type: Type '[' . ']'

    ']'  shift, and go to state 34


State 30

   10 Variable: Type IDENTIFIER .
   22 FunctionDef: Type IDENTIFIER . '(' Formals ')' StmtBlock

    '('  shift, and go to state 35

    $default  reduce using rule 10 (Variable)


State 31

    7 Fields: FunctionDef Fields .

    $default  reduce using rule 7 (Fields)


State 32

    5 ClassDef: KEY_CLASS IDENTIFIER KEY_EXTENDS IDENTIFIER '{' Fields . '}'

    '}'  shift, and go to state 36


State 33

   23 FunctionDef: KEY_STATIC Type IDENTIFIER . '(' Formals ')' StmtBlock

    '('  shift, and go to state 37


State 34

   17 Type: Type '[' ']' .

    $default  reduce using rule 17 (Type)


State 35

   22 FunctionDef: Type IDENTIFIER '(' . Formals ')' StmtBlock

    KEY_CLASS     shift, and go to state 11
    TYPE_VOID     shift, and go to state 13
    TYPE_INTEGER  shift, and go to state 14
    TYPE_FLOAT    shift, and go to state 15
    TYPE_BOOL     shift, and go to state 16
    TYPE_STRING   shift, and go to state 17

    $default  reduce using rule 19 (Formals)

    Variable    go to state 38
    Type        go to state 39
    Formals     go to state 40
    FormalList  go to state 41


State 36

    5 ClassDef: KEY_CLASS IDENTIFIER KEY_EXTENDS IDENTIFIER '{' Fields '}' .

    $default  reduce using rule 5 (ClassDef)


State 37

   23 FunctionDef: KEY_STATIC Type IDENTIFIER '(' . Formals ')' StmtBlock

    KEY_CLASS     shift, and go to state 11
    TYPE_VOID     shift, and go to state 13
    TYPE_INTEGER  shift, and go to state 14
    TYPE_FLOAT    shift, and go to state 15
    TYPE_BOOL     shift, and go to state 16
    TYPE_STRING   shift, and go to state 17

    $default  reduce using rule 19 (Formals)

    Variable    go to state 38
    Type        go to state 39
    Formals     go to state 42
    FormalList  go to state 41


State 38

   21 FormalList: Variable .

    $default  reduce using rule 21 (FormalList)


State 39

   10 Variable: Type . IDENTIFIER
   17 Type: Type . '[' ']'

    '['         shift, and go to state 29
    IDENTIFIER  shift, and go to state 43


State 40

   22 FunctionDef: Type IDENTIFIER '(' Formals . ')' StmtBlock

    ')'  shift, and go to state 44


State 41

   18 Formals: FormalList .
   20 FormalList: FormalList . ',' Variable

    ','  shift, and go to state 45

    $default  reduce using rule 18 (Formals)


State 42

   23 FunctionDef: KEY_STATIC Type IDENTIFIER '(' Formals . ')' StmtBlock

    ')'  shift, and go to state 46


State 43

   10 Variable: Type IDENTIFIER .

    $default  reduce using rule 10 (Variable)


State 44

   22 FunctionDef: Type IDENTIFIER '(' Formals ')' . StmtBlock

    '{'  shift, and go to state 47

    StmtBlock  go to state 48


State 45

   20 FormalList: FormalList ',' . Variable

    KEY_CLASS     shift, and go to state 11
    TYPE_VOID     shift, and go to state 13
    TYPE_INTEGER  shift, and go to state 14
    TYPE_FLOAT    shift, and go to state 15
    TYPE_BOOL     shift, and go to state 16
    TYPE_STRING   shift, and go to state 17

    Variable  go to state 49
    Type      go to state 39


State 46

   23 FunctionDef: KEY_STATIC Type IDENTIFIER '(' Formals ')' . StmtBlock

    '{'  shift, and go to state 47

    StmtBlock  go to state 50


State 47

   24 StmtBlock: '{' . StmtList '}'

    KEY_CLASS          shift, and go to state 11
    KEY_RETURN         shift, and go to state 51
    KEY_FOR            shift, and go to state 52
    KEY_NEW            shift, and go to state 53
    KEY_THIS           shift, and go to state 54
    KEY_WHILE          shift, and go to state 55
    KEY_BREAK          shift, and go to state 56
    KEY_IF             shift, and go to state 57
    KEY_PRINT          shift, and go to state 58
    KEY_READINTEGER    shift, and go to state 59
    KEY_READLINE       shift, and go to state 60
    KEY_INSTANCEOF     shift, and go to state 61
    '-'                shift, and go to state 62
    '!'                shift, and go to state 63
    '('                shift, and go to state 64
    '{'                shift, and go to state 47
    TYPE_VOID          shift, and go to state 13
    TYPE_INTEGER       shift, and go to state 14
    TYPE_FLOAT         shift, and go to state 15
    TYPE_BOOL          shift, and go to state 16
    TYPE_STRING        shift, and go to state 17
    CONSTANT_BOOL      shift, and go to state 65
    CONSTANT_INT_D     shift, and go to state 66
    CONSTANT_INT_H     shift, and go to state 67
    CONSTANT_FLOAT     shift, and go to state 68
    CONSTANT_FLOAT_SC  shift, and go to state 69
    CONSTANT_STRING    shift, and go to state 70
    CONSTANT_NULL      shift, and go to state 71
    IDENTIFIER         shift, and go to state 72

    ';'       reduce using rule 37 (SimpleStmt)
    $default  reduce using rule 26 (StmtList)

    VariableDef  go to state 73
    Variable     go to state 20
    Type         go to state 39
    StmtBlock    go to state 74
    StmtList     go to state 75
    Stmt         go to state 76
    SimpleStmt   go to state 77
    LValue       go to state 78
    Call         go to state 79
    ForStmt      go to state 80
    WhileStmt    go to state 81
    IfStmt       go to state 82
    ReturnStmt   go to state 83
    BreakStmt    go to state 84
    PrintStmt    go to state 85
    Expr         go to state 86
    Constant     go to state 87


State 48

   22 FunctionDef: Type IDENTIFIER '(' Formals ')' StmtBlock .

    $default  reduce using rule 22 (FunctionDef)


State 49

   20 FormalList: FormalList ',' Variable .

    $default  reduce using rule 20 (FormalList)


State 50

   23 FunctionDef: KEY_STATIC Type IDENTIFIER '(' Formals ')' StmtBlock .

    $default  reduce using rule 23 (FunctionDef)


State 51

   51 ReturnStmt: KEY_RETURN .
   52           | KEY_RETURN . Expr

    KEY_NEW            shift, and go to state 53
    KEY_THIS           shift, and go to state 54
    KEY_READINTEGER    shift, and go to state 59
    KEY_READLINE       shift, and go to state 60
    KEY_INSTANCEOF     shift, and go to state 61
    '-'                shift, and go to state 62
    '!'                shift, and go to state 63
    '('                shift, and go to state 64
    CONSTANT_BOOL      shift, and go to state 65
    CONSTANT_INT_D     shift, and go to state 66
    CONSTANT_INT_H     shift, and go to state 67
    CONSTANT_FLOAT     shift, and go to state 68
    CONSTANT_FLOAT_SC  shift, and go to state 69
    CONSTANT_STRING    shift, and go to state 70
    CONSTANT_NULL      shift, and go to state 71
    IDENTIFIER         shift, and go to state 72

    $default  reduce using rule 51 (ReturnStmt)

    LValue    go to state 88
    Call      go to state 79
    Expr      go to state 89
    Constant  go to state 87


State 52

   47 ForStmt: KEY_FOR . '(' SimpleStmt ';' BoolExpr ';' SimpleStmt ')' Stmt

    '('  shift, and go to state 90


State 53

   78 Expr: KEY_NEW . IDENTIFIER '(' ')'
   79     | KEY_NEW . Type '[' Expr ']'

    KEY_CLASS     shift, and go to state 11
    TYPE_VOID     shift, and go to state 13
    TYPE_INTEGER  shift, and go to state 14
    TYPE_FLOAT    shift, and go to state 15
    TYPE_BOOL     shift, and go to state 16
    TYPE_STRING   shift, and go to state 17
    IDENTIFIER    shift, and go to state 91

    Type  go to state 92


State 54

   58 Expr: KEY_THIS .

    $default  reduce using rule 58 (Expr)


State 55

   48 WhileStmt: KEY_WHILE . '(' BoolExpr ')' Stmt

    '('  shift, and go to state 93


State 56

   53 BreakStmt: KEY_BREAK .

    $default  reduce using rule 53 (BreakStmt)


State 57

   49 IfStmt: KEY_IF . '(' BoolExpr ')' Stmt
   50       | KEY_IF . '(' BoolExpr ')' Stmt KEY_ELSE Stmt

    '('  shift, and go to state 94


State 58

   54 PrintStmt: KEY_PRINT . '(' ExprList ')'

    '('  shift, and go to state 95


State 59

   76 Expr: KEY_READINTEGER . '(' ')'

    '('  shift, and go to state 96


State 60

   77 Expr: KEY_READLINE . '(' ')'

    '('  shift, and go to state 97


State 61

   80 Expr: KEY_INSTANCEOF . '(' Expr ',' IDENTIFIER ')'

    '('  shift, and go to state 98


State 62

   66 Expr: '-' . Expr

    KEY_NEW            shift, and go to state 53
    KEY_THIS           shift, and go to state 54
    KEY_READINTEGER    shift, and go to state 59
    KEY_READLINE       shift, and go to state 60
    KEY_INSTANCEOF     shift, and go to state 61
    '-'                shift, and go to state 62
    '!'                shift, and go to state 63
    '('                shift, and go to state 64
    CONSTANT_BOOL      shift, and go to state 65
    CONSTANT_INT_D     shift, and go to state 66
    CONSTANT_INT_H     shift, and go to state 67
    CONSTANT_FLOAT     shift, and go to state 68
    CONSTANT_FLOAT_SC  shift, and go to state 69
    CONSTANT_STRING    shift, and go to state 70
    CONSTANT_NULL      shift, and go to state 71
    IDENTIFIER         shift, and go to state 72

    LValue    go to state 88
    Call      go to state 79
    Expr      go to state 99
    Constant  go to state 87


State 63

   75 Expr: '!' . Expr

    KEY_NEW            shift, and go to state 53
    KEY_THIS           shift, and go to state 54
    KEY_READINTEGER    shift, and go to state 59
    KEY_READLINE       shift, and go to state 60
    KEY_INSTANCEOF     shift, and go to state 61
    '-'                shift, and go to state 62
    '!'                shift, and go to state 63
    '('                shift, and go to state 64
    CONSTANT_BOOL      shift, and go to state 65
    CONSTANT_INT_D     shift, and go to state 66
    CONSTANT_INT_H     shift, and go to state 67
    CONSTANT_FLOAT     shift, and go to state 68
    CONSTANT_FLOAT_SC  shift, and go to state 69
    CONSTANT_STRING    shift, and go to state 70
    CONSTANT_NULL      shift, and go to state 71
    IDENTIFIER         shift, and go to state 72

    LValue    go to state 88
    Call      go to state 79
    Expr      go to state 100
    Constant  go to state 87


State 64

   60 Expr: '(' . Expr ')'
   81     | '(' . KEY_CLASS IDENTIFIER ')' Expr

    KEY_CLASS          shift, and go to state 101
    KEY_NEW            shift, and go to state 53
    KEY_THIS           shift, and go to state 54
    KEY_READINTEGER    shift, and go to state 59
    KEY_READLINE       shift, and go to state 60
    KEY_INSTANCEOF     shift, and go to state 61
    '-'                shift, and go to state 62
    '!'                shift, and go to state 63
    '('                shift, and go to state 64
    CONSTANT_BOOL      shift, and go to state 65
    CONSTANT_INT_D     shift, and go to state 66
    CONSTANT_INT_H     shift, and go to state 67
    CONSTANT_FLOAT     shift, and go to state 68
    CONSTANT_FLOAT_SC  shift, and go to state 69
    CONSTANT_STRING    shift, and go to state 70
    CONSTANT_NULL      shift, and go to state 71
    IDENTIFIER         shift, and go to state 72

    LValue    go to state 88
    Call      go to state 79
    Expr      go to state 102
    Constant  go to state 87


State 65

   82 Constant: CONSTANT_BOOL .

    $default  reduce using rule 82 (Constant)


State 66

   85 Constant: CONSTANT_INT_D .

    $default  reduce using rule 85 (Constant)


State 67

   86 Constant: CONSTANT_INT_H .

    $default  reduce using rule 86 (Constant)


State 68

   83 Constant: CONSTANT_FLOAT .

    $default  reduce using rule 83 (Constant)


State 69

   84 Constant: CONSTANT_FLOAT_SC .

    $default  reduce using rule 84 (Constant)


State 70

   87 Constant: CONSTANT_STRING .

    $default  reduce using rule 87 (Constant)


State 71

   88 Constant: CONSTANT_NULL .

    $default  reduce using rule 88 (Constant)


State 72

   38 LValue: IDENTIFIER .
   41 Call: IDENTIFIER . '(' Actuals ')'

    '('  shift, and go to state 103

    $default  reduce using rule 38 (LValue)


State 73

   27 Stmt: VariableDef .

    $default  reduce using rule 27 (Stmt)


State 74

   35 Stmt: StmtBlock .

    $default  reduce using rule 35 (Stmt)


State 75

   24 StmtBlock: '{' StmtList . '}'

    '}'  shift, and go to state 104


State 76

   25 StmtList: Stmt . StmtList

    KEY_CLASS          shift, and go to state 11
    KEY_RETURN         shift, and go to state 51
    KEY_FOR            shift, and go to state 52
    KEY_NEW            shift, and go to state 53
    KEY_THIS           shift, and go to state 54
    KEY_WHILE          shift, and go to state 55
    KEY_BREAK          shift, and go to state 56
    KEY_IF             shift, and go to state 57
    KEY_PRINT          shift, and go to state 58
    KEY_READINTEGER    shift, and go to state 59
    KEY_READLINE       shift, and go to state 60
    KEY_INSTANCEOF     shift, and go to state 61
    '-'                shift, and go to state 62
    '!'                shift, and go to state 63
    '('                shift, and go to state 64
    '{'                shift, and go to state 47
    TYPE_VOID          shift, and go to state 13
    TYPE_INTEGER       shift, and go to state 14
    TYPE_FLOAT         shift, and go to state 15
    TYPE_BOOL          shift, and go to state 16
    TYPE_STRING        shift, and go to state 17
    CONSTANT_BOOL      shift, and go to state 65
    CONSTANT_INT_D     shift, and go to state 66
    CONSTANT_INT_H     shift, and go to state 67
    CONSTANT_FLOAT     shift, and go to state 68
    CONSTANT_FLOAT_SC  shift, and go to state 69
    CONSTANT_STRING    shift, and go to state 70
    CONSTANT_NULL      shift, and go to state 71
    IDENTIFIER         shift, and go to state 72

    ';'       reduce using rule 37 (SimpleStmt)
    $default  reduce using rule 26 (StmtList)

    VariableDef  go to state 73
    Variable     go to state 20
    Type         go to state 39
    StmtBlock    go to state 74
    StmtList     go to state 105
    Stmt         go to state 76
    SimpleStmt   go to state 77
    LValue       go to state 78
    Call         go to state 79
    ForStmt      go to state 80
    WhileStmt    go to state 81
    IfStmt       go to state 82
    ReturnStmt   go to state 83
    BreakStmt    go to state 84
    PrintStmt    go to state 85
    Expr         go to state 86
    Constant     go to state 87


State 77

   28 Stmt: SimpleStmt . ';'

    ';'  shift, and go to state 106


State 78

   36 SimpleStmt: LValue . '=' Expr
   57 Expr: LValue .

    '='  shift, and go to state 107

    $default  reduce using rule 57 (Expr)


State 79

   59 Expr: Call .

    $default  reduce using rule 59 (Expr)


State 80

   31 Stmt: ForStmt .

    $default  reduce using rule 31 (Stmt)


State 81

   30 Stmt: WhileStmt .

    $default  reduce using rule 30 (Stmt)


State 82

   29 Stmt: IfStmt .

    $default  reduce using rule 29 (Stmt)


State 83

   33 Stmt: ReturnStmt . ';'

    ';'  shift, and go to state 108


State 84

   32 Stmt: BreakStmt . ';'

    ';'  shift, and go to state 109


State 85

   34 Stmt: PrintStmt . ';'

    ';'  shift, and go to state 110


State 86

   39 LValue: Expr . '[' Expr ']'
   40       | Expr . '.' IDENTIFIER
   42 Call: Expr . '.' IDENTIFIER '(' Actuals ')'
   61 Expr: Expr . '+' Expr
   62     | Expr . '-' Expr
   63     | Expr . '*' Expr
   64     | Expr . '/' Expr
   65     | Expr . '%' Expr
   67     | Expr . '<' Expr
   68     | Expr . OP_LE Expr
   69     | Expr . '>' Expr
   70     | Expr . OP_GE Expr
   71     | Expr . OP_EQUAL Expr
   72     | Expr . OP_NOTEQUAL Expr
   73     | Expr . OP_AND Expr
   74     | Expr . OP_OR Expr

    '+'          shift, and go to state 111
    '-'          shift, and go to state 112
    '/'          shift, and go to state 113
    '*'          shift, and go to state 114
    '%'          shift, and go to state 115
    '<'          shift, and go to state 116
    '>'          shift, and go to state 117
    OP_LE        shift, and go to state 118
    OP_GE        shift, and go to state 119
    OP_EQUAL     shift, and go to state 120
    OP_NOTEQUAL  shift, and go to state 121
    OP_AND       shift, and go to state 122
    OP_OR        shift, and go to state 123
    '.'          shift, and go to state 124
    '['          shift, and go to state 125


State 87

   56 Expr: Constant .

    $default  reduce using rule 56 (Expr)


State 88

   57 Expr: LValue .

    $default  reduce using rule 57 (Expr)


State 89

   39 LValue: Expr . '[' Expr ']'
   40       | Expr . '.' IDENTIFIER
   42 Call: Expr . '.' IDENTIFIER '(' Actuals ')'
   52 ReturnStmt: KEY_RETURN Expr .
   61 Expr: Expr . '+' Expr
   62     | Expr . '-' Expr
   63     | Expr . '*' Expr
   64     | Expr . '/' Expr
   65     | Expr . '%' Expr
   67     | Expr . '<' Expr
   68     | Expr . OP_LE Expr
   69     | Expr . '>' Expr
   70     | Expr . OP_GE Expr
   71     | Expr . OP_EQUAL Expr
   72     | Expr . OP_NOTEQUAL Expr
   73     | Expr . OP_AND Expr
   74     | Expr . OP_OR Expr

    '+'          shift, and go to state 111
    '-'          shift, and go to state 112
    '/'          shift, and go to state 113
    '*'          shift, and go to state 114
    '%'          shift, and go to state 115
    '<'          shift, and go to state 116
    '>'          shift, and go to state 117
    OP_LE        shift, and go to state 118
    OP_GE        shift, and go to state 119
    OP_EQUAL     shift, and go to state 120
    OP_NOTEQUAL  shift, and go to state 121
    OP_AND       shift, and go to state 122
    OP_OR        shift, and go to state 123
    '.'          shift, and go to state 124
    '['          shift, and go to state 125

    $default  reduce using rule 52 (ReturnStmt)


State 90

   47 ForStmt: KEY_FOR '(' . SimpleStmt ';' BoolExpr ';' SimpleStmt ')' Stmt

    KEY_NEW            shift, and go to state 53
    KEY_THIS           shift, and go to state 54
    KEY_READINTEGER    shift, and go to state 59
    KEY_READLINE       shift, and go to state 60
    KEY_INSTANCEOF     shift, and go to state 61
    '-'                shift, and go to state 62
    '!'                shift, and go to state 63
    '('                shift, and go to state 64
    CONSTANT_BOOL      shift, and go to state 65
    CONSTANT_INT_D     shift, and go to state 66
    CONSTANT_INT_H     shift, and go to state 67
    CONSTANT_FLOAT     shift, and go to state 68
    CONSTANT_FLOAT_SC  shift, and go to state 69
    CONSTANT_STRING    shift, and go to state 70
    CONSTANT_NULL      shift, and go to state 71
    IDENTIFIER         shift, and go to state 72

    $default  reduce using rule 37 (SimpleStmt)

    SimpleStmt  go to state 126
    LValue      go to state 78
    Call        go to state 79
    Expr        go to state 86
    Constant    go to state 87


State 91

   78 Expr: KEY_NEW IDENTIFIER . '(' ')'

    '('  shift, and go to state 127


State 92

   17 Type: Type . '[' ']'
   79 Expr: KEY_NEW Type . '[' Expr ']'

    '['  shift, and go to state 128


State 93

   48 WhileStmt: KEY_WHILE '(' . BoolExpr ')' Stmt

    KEY_NEW            shift, and go to state 53
    KEY_THIS           shift, and go to state 54
    KEY_READINTEGER    shift, and go to state 59
    KEY_READLINE       shift, and go to state 60
    KEY_INSTANCEOF     shift, and go to state 61
    '-'                shift, and go to state 62
    '!'                shift, and go to state 63
    '('                shift, and go to state 64
    CONSTANT_BOOL      shift, and go to state 65
    CONSTANT_INT_D     shift, and go to state 66
    CONSTANT_INT_H     shift, and go to state 67
    CONSTANT_FLOAT     shift, and go to state 68
    CONSTANT_FLOAT_SC  shift, and go to state 69
    CONSTANT_STRING    shift, and go to state 70
    CONSTANT_NULL      shift, and go to state 71
    IDENTIFIER         shift, and go to state 72

    LValue    go to state 88
    Call      go to state 79
    BoolExpr  go to state 129
    Expr      go to state 130
    Constant  go to state 87


State 94

   49 IfStmt: KEY_IF '(' . BoolExpr ')' Stmt
   50       | KEY_IF '(' . BoolExpr ')' Stmt KEY_ELSE Stmt

    KEY_NEW            shift, and go to state 53
    KEY_THIS           shift, and go to state 54
    KEY_READINTEGER    shift, and go to state 59
    KEY_READLINE       shift, and go to state 60
    KEY_INSTANCEOF     shift, and go to state 61
    '-'                shift, and go to state 62
    '!'                shift, and go to state 63
    '('                shift, and go to state 64
    CONSTANT_BOOL      shift, and go to state 65
    CONSTANT_INT_D     shift, and go to state 66
    CONSTANT_INT_H     shift, and go to state 67
    CONSTANT_FLOAT     shift, and go to state 68
    CONSTANT_FLOAT_SC  shift, and go to state 69
    CONSTANT_STRING    shift, and go to state 70
    CONSTANT_NULL      shift, and go to state 71
    IDENTIFIER         shift, and go to state 72

    LValue    go to state 88
    Call      go to state 79
    BoolExpr  go to state 131
    Expr      go to state 130
    Constant  go to state 87


State 95

   54 PrintStmt: KEY_PRINT '(' . ExprList ')'

    KEY_NEW            shift, and go to state 53
    KEY_THIS           shift, and go to state 54
    KEY_READINTEGER    shift, and go to state 59
    KEY_READLINE       shift, and go to state 60
    KEY_INSTANCEOF     shift, and go to state 61
    '-'                shift, and go to state 62
    '!'                shift, and go to state 63
    '('                shift, and go to state 64
    CONSTANT_BOOL      shift, and go to state 65
    CONSTANT_INT_D     shift, and go to state 66
    CONSTANT_INT_H     shift, and go to state 67
    CONSTANT_FLOAT     shift, and go to state 68
    CONSTANT_FLOAT_SC  shift, and go to state 69
    CONSTANT_STRING    shift, and go to state 70
    CONSTANT_NULL      shift, and go to state 71
    IDENTIFIER         shift, and go to state 72

    LValue    go to state 88
    Call      go to state 79
    ExprList  go to state 132
    Expr      go to state 133
    Constant  go to state 87


State 96

   76 Expr: KEY_READINTEGER '(' . ')'

    ')'  shift, and go to state 134


State 97

   77 Expr: KEY_READLINE '(' . ')'

    ')'  shift, and go to state 135


State 98

   80 Expr: KEY_INSTANCEOF '(' . Expr ',' IDENTIFIER ')'

    KEY_NEW            shift, and go to state 53
    KEY_THIS           shift, and go to state 54
    KEY_READINTEGER    shift, and go to state 59
    KEY_READLINE       shift, and go to state 60
    KEY_INSTANCEOF     shift, and go to state 61
    '-'                shift, and go to state 62
    '!'                shift, and go to state 63
    '('                shift, and go to state 64
    CONSTANT_BOOL      shift, and go to state 65
    CONSTANT_INT_D     shift, and go to state 66
    CONSTANT_INT_H     shift, and go to state 67
    CONSTANT_FLOAT     shift, and go to state 68
    CONSTANT_FLOAT_SC  shift, and go to state 69
    CONSTANT_STRING    shift, and go to state 70
    CONSTANT_NULL      shift, and go to state 71
    IDENTIFIER         shift, and go to state 72

    LValue    go to state 88
    Call      go to state 79
    Expr      go to state 136
    Constant  go to state 87


State 99

   39 LValue: Expr . '[' Expr ']'
   40       | Expr . '.' IDENTIFIER
   42 Call: Expr . '.' IDENTIFIER '(' Actuals ')'
   61 Expr: Expr . '+' Expr
   62     | Expr . '-' Expr
   63     | Expr . '*' Expr
   64     | Expr . '/' Expr
   65     | Expr . '%' Expr
   66     | '-' Expr .
   67     | Expr . '<' Expr
   68     | Expr . OP_LE Expr
   69     | Expr . '>' Expr
   70     | Expr . OP_GE Expr
   71     | Expr . OP_EQUAL Expr
   72     | Expr . OP_NOTEQUAL Expr
   73     | Expr . OP_AND Expr
   74     | Expr . OP_OR Expr

    '.'  shift, and go to state 124
    '['  shift, and go to state 125

    $default  reduce using rule 66 (Expr)


State 100

   39 LValue: Expr . '[' Expr ']'
   40       | Expr . '.' IDENTIFIER
   42 Call: Expr . '.' IDENTIFIER '(' Actuals ')'
   61 Expr: Expr . '+' Expr
   62     | Expr . '-' Expr
   63     | Expr . '*' Expr
   64     | Expr . '/' Expr
   65     | Expr . '%' Expr
   67     | Expr . '<' Expr
   68     | Expr . OP_LE Expr
   69     | Expr . '>' Expr
   70     | Expr . OP_GE Expr
   71     | Expr . OP_EQUAL Expr
   72     | Expr . OP_NOTEQUAL Expr
   73     | Expr . OP_AND Expr
   74     | Expr . OP_OR Expr
   75     | '!' Expr .

    '.'  shift, and go to state 124
    '['  shift, and go to state 125

    $default  reduce using rule 75 (Expr)


State 101

   81 Expr: '(' KEY_CLASS . IDENTIFIER ')' Expr

    IDENTIFIER  shift, and go to state 137


State 102

   39 LValue: Expr . '[' Expr ']'
   40       | Expr . '.' IDENTIFIER
   42 Call: Expr . '.' IDENTIFIER '(' Actuals ')'
   60 Expr: '(' Expr . ')'
   61     | Expr . '+' Expr
   62     | Expr . '-' Expr
   63     | Expr . '*' Expr
   64     | Expr . '/' Expr
   65     | Expr . '%' Expr
   67     | Expr . '<' Expr
   68     | Expr . OP_LE Expr
   69     | Expr . '>' Expr
   70     | Expr . OP_GE Expr
   71     | Expr . OP_EQUAL Expr
   72     | Expr . OP_NOTEQUAL Expr
   73     | Expr . OP_AND Expr
   74     | Expr . OP_OR Expr

    '+'          shift, and go to state 111
    '-'          shift, and go to state 112
    '/'          shift, and go to state 113
    '*'          shift, and go to state 114
    '%'          shift, and go to state 115
    '<'          shift, and go to state 116
    '>'          shift, and go to state 117
    OP_LE        shift, and go to state 118
    OP_GE        shift, and go to state 119
    OP_EQUAL     shift, and go to state 120
    OP_NOTEQUAL  shift, and go to state 121
    OP_AND       shift, and go to state 122
    OP_OR        shift, and go to state 123
    '.'          shift, and go to state 124
    ')'          shift, and go to state 138
    '['          shift, and go to state 125


State 103

   41 Call: IDENTIFIER '(' . Actuals ')'

    KEY_NEW            shift, and go to state 53
    KEY_THIS           shift, and go to state 54
    KEY_READINTEGER    shift, and go to state 59
    KEY_READLINE       shift, and go to state 60
    KEY_INSTANCEOF     shift, and go to state 61
    '-'                shift, and go to state 62
    '!'                shift, and go to state 63
    '('                shift, and go to state 64
    CONSTANT_BOOL      shift, and go to state 65
    CONSTANT_INT_D     shift, and go to state 66
    CONSTANT_INT_H     shift, and go to state 67
    CONSTANT_FLOAT     shift, and go to state 68
    CONSTANT_FLOAT_SC  shift, and go to state 69
    CONSTANT_STRING    shift, and go to state 70
    CONSTANT_NULL      shift, and go to state 71
    IDENTIFIER         shift, and go to state 72

    $default  reduce using rule 44 (Actuals)

    LValue    go to state 88
    Call      go to state 79
    Actuals   go to state 139
    ExprList  go to state 140
    Expr      go to state 133
    Constant  go to state 87


State 104

   24 StmtBlock: '{' StmtList '}' .

    $default  reduce using rule 24 (StmtBlock)


State 105

   25 StmtList: Stmt StmtList .

    $default  reduce using rule 25 (StmtList)


State 106

   28 Stmt: SimpleStmt ';' .

    $default  reduce using rule 28 (Stmt)


State 107

   36 SimpleStmt: LValue '=' . Expr

    KEY_NEW            shift, and go to state 53
    KEY_THIS           shift, and go to state 54
    KEY_READINTEGER    shift, and go to state 59
    KEY_READLINE       shift, and go to state 60
    KEY_INSTANCEOF     shift, and go to state 61
    '-'                shift, and go to state 62
    '!'                shift, and go to state 63
    '('                shift, and go to state 64
    CONSTANT_BOOL      shift, and go to state 65
    CONSTANT_INT_D     shift, and go to state 66
    CONSTANT_INT_H     shift, and go to state 67
    CONSTANT_FLOAT     shift, and go to state 68
    CONSTANT_FLOAT_SC  shift, and go to state 69
    CONSTANT_STRING    shift, and go to state 70
    CONSTANT_NULL      shift, and go to state 71
    IDENTIFIER         shift, and go to state 72

    LValue    go to state 88
    Call      go to state 79
    Expr      go to state 141
    Constant  go to state 87


State 108

   33 Stmt: ReturnStmt ';' .

    $default  reduce using rule 33 (Stmt)


State 109

   32 Stmt: BreakStmt ';' .

    $default  reduce using rule 32 (Stmt)


State 110

   34 Stmt: PrintStmt ';' .

    $default  reduce using rule 34 (Stmt)


State 111

   61 Expr: Expr '+' . Expr

    KEY_NEW            shift, and go to state 53
    KEY_THIS           shift, and go to state 54
    KEY_READINTEGER    shift, and go to state 59
    KEY_READLINE       shift, and go to state 60
    KEY_INSTANCEOF     shift, and go to state 61
    '-'                shift, and go to state 62
    '!'                shift, and go to state 63
    '('                shift, and go to state 64
    CONSTANT_BOOL      shift, and go to state 65
    CONSTANT_INT_D     shift, and go to state 66
    CONSTANT_INT_H     shift, and go to state 67
    CONSTANT_FLOAT     shift, and go to state 68
    CONSTANT_FLOAT_SC  shift, and go to state 69
    CONSTANT_STRING    shift, and go to state 70
    CONSTANT_NULL      shift, and go to state 71
    IDENTIFIER         shift, and go to state 72

    LValue    go to state 88
    Call      go to state 79
    Expr      go to state 142
    Constant  go to state 87


State 112

   62 Expr: Expr '-' . Expr

    KEY_NEW            shift, and go to state 53
    KEY_THIS           shift, and go to state 54
    KEY_READINTEGER    shift, and go to state 59
    KEY_READLINE       shift, and go to state 60
    KEY_INSTANCEOF     shift, and go to state 61
    '-'                shift, and go to state 62
    '!'                shift, and go to state 63
    '('                shift, and go to state 64
    CONSTANT_BOOL      shift, and go to state 65
    CONSTANT_INT_D     shift, and go to state 66
    CONSTANT_INT_H     shift, and go to state 67
    CONSTANT_FLOAT     shift, and go to state 68
    CONSTANT_FLOAT_SC  shift, and go to state 69
    CONSTANT_STRING    shift, and go to state 70
    CONSTANT_NULL      shift, and go to state 71
    IDENTIFIER         shift, and go to state 72

    LValue    go to state 88
    Call      go to state 79
    Expr      go to state 143
    Constant  go to state 87


State 113

   64 Expr: Expr '/' . Expr

    KEY_NEW            shift, and go to state 53
    KEY_THIS           shift, and go to state 54
    KEY_READINTEGER    shift, and go to state 59
    KEY_READLINE       shift, and go to state 60
    KEY_INSTANCEOF     shift, and go to state 61
    '-'                shift, and go to state 62
    '!'                shift, and go to state 63
    '('                shift, and go to state 64
    CONSTANT_BOOL      shift, and go to state 65
    CONSTANT_INT_D     shift, and go to state 66
    CONSTANT_INT_H     shift, and go to state 67
    CONSTANT_FLOAT     shift, and go to state 68
    CONSTANT_FLOAT_SC  shift, and go to state 69
    CONSTANT_STRING    shift, and go to state 70
    CONSTANT_NULL      shift, and go to state 71
    IDENTIFIER         shift, and go to state 72

    LValue    go to state 88
    Call      go to state 79
    Expr      go to state 144
    Constant  go to state 87


State 114

   63 Expr: Expr '*' . Expr

    KEY_NEW            shift, and go to state 53
    KEY_THIS           shift, and go to state 54
    KEY_READINTEGER    shift, and go to state 59
    KEY_READLINE       shift, and go to state 60
    KEY_INSTANCEOF     shift, and go to state 61
    '-'                shift, and go to state 62
    '!'                shift, and go to state 63
    '('                shift, and go to state 64
    CONSTANT_BOOL      shift, and go to state 65
    CONSTANT_INT_D     shift, and go to state 66
    CONSTANT_INT_H     shift, and go to state 67
    CONSTANT_FLOAT     shift, and go to state 68
    CONSTANT_FLOAT_SC  shift, and go to state 69
    CONSTANT_STRING    shift, and go to state 70
    CONSTANT_NULL      shift, and go to state 71
    IDENTIFIER         shift, and go to state 72

    LValue    go to state 88
    Call      go to state 79
    Expr      go to state 145
    Constant  go to state 87


State 115

   65 Expr: Expr '%' . Expr

    KEY_NEW            shift, and go to state 53
    KEY_THIS           shift, and go to state 54
    KEY_READINTEGER    shift, and go to state 59
    KEY_READLINE       shift, and go to state 60
    KEY_INSTANCEOF     shift, and go to state 61
    '-'                shift, and go to state 62
    '!'                shift, and go to state 63
    '('                shift, and go to state 64
    CONSTANT_BOOL      shift, and go to state 65
    CONSTANT_INT_D     shift, and go to state 66
    CONSTANT_INT_H     shift, and go to state 67
    CONSTANT_FLOAT     shift, and go to state 68
    CONSTANT_FLOAT_SC  shift, and go to state 69
    CONSTANT_STRING    shift, and go to state 70
    CONSTANT_NULL      shift, and go to state 71
    IDENTIFIER         shift, and go to state 72

    LValue    go to state 88
    Call      go to state 79
    Expr      go to state 146
    Constant  go to state 87


State 116

   67 Expr: Expr '<' . Expr

    KEY_NEW            shift, and go to state 53
    KEY_THIS           shift, and go to state 54
    KEY_READINTEGER    shift, and go to state 59
    KEY_READLINE       shift, and go to state 60
    KEY_INSTANCEOF     shift, and go to state 61
    '-'                shift, and go to state 62
    '!'                shift, and go to state 63
    '('                shift, and go to state 64
    CONSTANT_BOOL      shift, and go to state 65
    CONSTANT_INT_D     shift, and go to state 66
    CONSTANT_INT_H     shift, and go to state 67
    CONSTANT_FLOAT     shift, and go to state 68
    CONSTANT_FLOAT_SC  shift, and go to state 69
    CONSTANT_STRING    shift, and go to state 70
    CONSTANT_NULL      shift, and go to state 71
    IDENTIFIER         shift, and go to state 72

    LValue    go to state 88
    Call      go to state 79
    Expr      go to state 147
    Constant  go to state 87


State 117

   69 Expr: Expr '>' . Expr

    KEY_NEW            shift, and go to state 53
    KEY_THIS           shift, and go to state 54
    KEY_READINTEGER    shift, and go to state 59
    KEY_READLINE       shift, and go to state 60
    KEY_INSTANCEOF     shift, and go to state 61
    '-'                shift, and go to state 62
    '!'                shift, and go to state 63
    '('                shift, and go to state 64
    CONSTANT_BOOL      shift, and go to state 65
    CONSTANT_INT_D     shift, and go to state 66
    CONSTANT_INT_H     shift, and go to state 67
    CONSTANT_FLOAT     shift, and go to state 68
    CONSTANT_FLOAT_SC  shift, and go to state 69
    CONSTANT_STRING    shift, and go to state 70
    CONSTANT_NULL      shift, and go to state 71
    IDENTIFIER         shift, and go to state 72

    LValue    go to state 88
    Call      go to state 79
    Expr      go to state 148
    Constant  go to state 87


State 118

   68 Expr: Expr OP_LE . Expr

    KEY_NEW            shift, and go to state 53
    KEY_THIS           shift, and go to state 54
    KEY_READINTEGER    shift, and go to state 59
    KEY_READLINE       shift, and go to state 60
    KEY_INSTANCEOF     shift, and go to state 61
    '-'                shift, and go to state 62
    '!'                shift, and go to state 63
    '('                shift, and go to state 64
    CONSTANT_BOOL      shift, and go to state 65
    CONSTANT_INT_D     shift, and go to state 66
    CONSTANT_INT_H     shift, and go to state 67
    CONSTANT_FLOAT     shift, and go to state 68
    CONSTANT_FLOAT_SC  shift, and go to state 69
    CONSTANT_STRING    shift, and go to state 70
    CONSTANT_NULL      shift, and go to state 71
    IDENTIFIER         shift, and go to state 72

    LValue    go to state 88
    Call      go to state 79
    Expr      go to state 149
    Constant  go to state 87


State 119

   70 Expr: Expr OP_GE . Expr

    KEY_NEW            shift, and go to state 53
    KEY_THIS           shift, and go to state 54
    KEY_READINTEGER    shift, and go to state 59
    KEY_READLINE       shift, and go to state 60
    KEY_INSTANCEOF     shift, and go to state 61
    '-'                shift, and go to state 62
    '!'                shift, and go to state 63
    '('                shift, and go to state 64
    CONSTANT_BOOL      shift, and go to state 65
    CONSTANT_INT_D     shift, and go to state 66
    CONSTANT_INT_H     shift, and go to state 67
    CONSTANT_FLOAT     shift, and go to state 68
    CONSTANT_FLOAT_SC  shift, and go to state 69
    CONSTANT_STRING    shift, and go to state 70
    CONSTANT_NULL      shift, and go to state 71
    IDENTIFIER         shift, and go to state 72

    LValue    go to state 88
    Call      go to state 79
    Expr      go to state 150
    Constant  go to state 87


State 120

   71 Expr: Expr OP_EQUAL . Expr

    KEY_NEW            shift, and go to state 53
    KEY_THIS           shift, and go to state 54
    KEY_READINTEGER    shift, and go to state 59
    KEY_READLINE       shift, and go to state 60
    KEY_INSTANCEOF     shift, and go to state 61
    '-'                shift, and go to state 62
    '!'                shift, and go to state 63
    '('                shift, and go to state 64
    CONSTANT_BOOL      shift, and go to state 65
    CONSTANT_INT_D     shift, and go to state 66
    CONSTANT_INT_H     shift, and go to state 67
    CONSTANT_FLOAT     shift, and go to state 68
    CONSTANT_FLOAT_SC  shift, and go to state 69
    CONSTANT_STRING    shift, and go to state 70
    CONSTANT_NULL      shift, and go to state 71
    IDENTIFIER         shift, and go to state 72

    LValue    go to state 88
    Call      go to state 79
    Expr      go to state 151
    Constant  go to state 87


State 121

   72 Expr: Expr OP_NOTEQUAL . Expr

    KEY_NEW            shift, and go to state 53
    KEY_THIS           shift, and go to state 54
    KEY_READINTEGER    shift, and go to state 59
    KEY_READLINE       shift, and go to state 60
    KEY_INSTANCEOF     shift, and go to state 61
    '-'                shift, and go to state 62
    '!'                shift, and go to state 63
    '('                shift, and go to state 64
    CONSTANT_BOOL      shift, and go to state 65
    CONSTANT_INT_D     shift, and go to state 66
    CONSTANT_INT_H     shift, and go to state 67
    CONSTANT_FLOAT     shift, and go to state 68
    CONSTANT_FLOAT_SC  shift, and go to state 69
    CONSTANT_STRING    shift, and go to state 70
    CONSTANT_NULL      shift, and go to state 71
    IDENTIFIER         shift, and go to state 72

    LValue    go to state 88
    Call      go to state 79
    Expr      go to state 152
    Constant  go to state 87


State 122

   73 Expr: Expr OP_AND . Expr

    KEY_NEW            shift, and go to state 53
    KEY_THIS           shift, and go to state 54
    KEY_READINTEGER    shift, and go to state 59
    KEY_READLINE       shift, and go to state 60
    KEY_INSTANCEOF     shift, and go to state 61
    '-'                shift, and go to state 62
    '!'                shift, and go to state 63
    '('                shift, and go to state 64
    CONSTANT_BOOL      shift, and go to state 65
    CONSTANT_INT_D     shift, and go to state 66
    CONSTANT_INT_H     shift, and go to state 67
    CONSTANT_FLOAT     shift, and go to state 68
    CONSTANT_FLOAT_SC  shift, and go to state 69
    CONSTANT_STRING    shift, and go to state 70
    CONSTANT_NULL      shift, and go to state 71
    IDENTIFIER         shift, and go to state 72

    LValue    go to state 88
    Call      go to state 79
    Expr      go to state 153
    Constant  go to state 87


State 123

   74 Expr: Expr OP_OR . Expr

    KEY_NEW            shift, and go to state 53
    KEY_THIS           shift, and go to state 54
    KEY_READINTEGER    shift, and go to state 59
    KEY_READLINE       shift, and go to state 60
    KEY_INSTANCEOF     shift, and go to state 61
    '-'                shift, and go to state 62
    '!'                shift, and go to state 63
    '('                shift, and go to state 64
    CONSTANT_BOOL      shift, and go to state 65
    CONSTANT_INT_D     shift, and go to state 66
    CONSTANT_INT_H     shift, and go to state 67
    CONSTANT_FLOAT     shift, and go to state 68
    CONSTANT_FLOAT_SC  shift, and go to state 69
    CONSTANT_STRING    shift, and go to state 70
    CONSTANT_NULL      shift, and go to state 71
    IDENTIFIER         shift, and go to state 72

    LValue    go to state 88
    Call      go to state 79
    Expr      go to state 154
    Constant  go to state 87


State 124

   40 LValue: Expr '.' . IDENTIFIER
   42 Call: Expr '.' . IDENTIFIER '(' Actuals ')'

    IDENTIFIER  shift, and go to state 155


State 125

   39 LValue: Expr '[' . Expr ']'

    KEY_NEW            shift, and go to state 53
    KEY_THIS           shift, and go to state 54
    KEY_READINTEGER    shift, and go to state 59
    KEY_READLINE       shift, and go to state 60
    KEY_INSTANCEOF     shift, and go to state 61
    '-'                shift, and go to state 62
    '!'                shift, and go to state 63
    '('                shift, and go to state 64
    CONSTANT_BOOL      shift, and go to state 65
    CONSTANT_INT_D     shift, and go to state 66
    CONSTANT_INT_H     shift, and go to state 67
    CONSTANT_FLOAT     shift, and go to state 68
    CONSTANT_FLOAT_SC  shift, and go to state 69
    CONSTANT_STRING    shift, and go to state 70
    CONSTANT_NULL      shift, and go to state 71
    IDENTIFIER         shift, and go to state 72

    LValue    go to state 88
    Call      go to state 79
    Expr      go to state 156
    Constant  go to state 87


State 126

   47 ForStmt: KEY_FOR '(' SimpleStmt . ';' BoolExpr ';' SimpleStmt ')' Stmt

    ';'  shift, and go to state 157


State 127

   78 Expr: KEY_NEW IDENTIFIER '(' . ')'

    ')'  shift, and go to state 158


State 128

   17 Type: Type '[' . ']'
   79 Expr: KEY_NEW Type '[' . Expr ']'

    KEY_NEW            shift, and go to state 53
    KEY_THIS           shift, and go to state 54
    KEY_READINTEGER    shift, and go to state 59
    KEY_READLINE       shift, and go to state 60
    KEY_INSTANCEOF     shift, and go to state 61
    '-'                shift, and go to state 62
    '!'                shift, and go to state 63
    '('                shift, and go to state 64
    ']'                shift, and go to state 34
    CONSTANT_BOOL      shift, and go to state 65
    CONSTANT_INT_D     shift, and go to state 66
    CONSTANT_INT_H     shift, and go to state 67
    CONSTANT_FLOAT     shift, and go to state 68
    CONSTANT_FLOAT_SC  shift, and go to state 69
    CONSTANT_STRING    shift, and go to state 70
    CONSTANT_NULL      shift, and go to state 71
    IDENTIFIER         shift, and go to state 72

    LValue    go to state 88
    Call      go to state 79
    Expr      go to state 159
    Constant  go to state 87


State 129

   48 WhileStmt: KEY_WHILE '(' BoolExpr . ')' Stmt

    ')'  shift, and go to state 160


State 130

   39 LValue: Expr . '[' Expr ']'
   40       | Expr . '.' IDENTIFIER
   42 Call: Expr . '.' IDENTIFIER '(' Actuals ')'
   55 BoolExpr: Expr .
   61 Expr: Expr . '+' Expr
   62     | Expr . '-' Expr
   63     | Expr . '*' Expr
   64     | Expr . '/' Expr
   65     | Expr . '%' Expr
   67     | Expr . '<' Expr
   68     | Expr . OP_LE Expr
   69     | Expr . '>' Expr
   70     | Expr . OP_GE Expr
   71     | Expr . OP_EQUAL Expr
   72     | Expr . OP_NOTEQUAL Expr
   73     | Expr . OP_AND Expr
   74     | Expr . OP_OR Expr

    '+'          shift, and go to state 111
    '-'          shift, and go to state 112
    '/'          shift, and go to state 113
    '*'          shift, and go to state 114
    '%'          shift, and go to state 115
    '<'          shift, and go to state 116
    '>'          shift, and go to state 117
    OP_LE        shift, and go to state 118
    OP_GE        shift, and go to state 119
    OP_EQUAL     shift, and go to state 120
    OP_NOTEQUAL  shift, and go to state 121
    OP_AND       shift, and go to state 122
    OP_OR        shift, and go to state 123
    '.'          shift, and go to state 124
    '['          shift, and go to state 125

    $default  reduce using rule 55 (BoolExpr)


State 131

   49 IfStmt: KEY_IF '(' BoolExpr . ')' Stmt
   50       | KEY_IF '(' BoolExpr . ')' Stmt KEY_ELSE Stmt

    ')'  shift, and go to state 161


State 132

   45 ExprList: ExprList . ',' Expr
   54 PrintStmt: KEY_PRINT '(' ExprList . ')'

    ','  shift, and go to state 162
    ')'  shift, and go to state 163


State 133

   39 LValue: Expr . '[' Expr ']'
   40       | Expr . '.' IDENTIFIER
   42 Call: Expr . '.' IDENTIFIER '(' Actuals ')'
   46 ExprList: Expr .
   61 Expr: Expr . '+' Expr
   62     | Expr . '-' Expr
   63     | Expr . '*' Expr
   64     | Expr . '/' Expr
   65     | Expr . '%' Expr
   67     | Expr . '<' Expr
   68     | Expr . OP_LE Expr
   69     | Expr . '>' Expr
   70     | Expr . OP_GE Expr
   71     | Expr . OP_EQUAL Expr
   72     | Expr . OP_NOTEQUAL Expr
   73     | Expr . OP_AND Expr
   74     | Expr . OP_OR Expr

    '+'          shift, and go to state 111
    '-'          shift, and go to state 112
    '/'          shift, and go to state 113
    '*'          shift, and go to state 114
    '%'          shift, and go to state 115
    '<'          shift, and go to state 116
    '>'          shift, and go to state 117
    OP_LE        shift, and go to state 118
    OP_GE        shift, and go to state 119
    OP_EQUAL     shift, and go to state 120
    OP_NOTEQUAL  shift, and go to state 121
    OP_AND       shift, and go to state 122
    OP_OR        shift, and go to state 123
    '.'          shift, and go to state 124
    '['          shift, and go to state 125

    $default  reduce using rule 46 (ExprList)


State 134

   76 Expr: KEY_READINTEGER '(' ')' .

    $default  reduce using rule 76 (Expr)


State 135

   77 Expr: KEY_READLINE '(' ')' .

    $default  reduce using rule 77 (Expr)


State 136

   39 LValue: Expr . '[' Expr ']'
   40       | Expr . '.' IDENTIFIER
   42 Call: Expr . '.' IDENTIFIER '(' Actuals ')'
   61 Expr: Expr . '+' Expr
   62     | Expr . '-' Expr
   63     | Expr . '*' Expr
   64     | Expr . '/' Expr
   65     | Expr . '%' Expr
   67     | Expr . '<' Expr
   68     | Expr . OP_LE Expr
   69     | Expr . '>' Expr
   70     | Expr . OP_GE Expr
   71     | Expr . OP_EQUAL Expr
   72     | Expr . OP_NOTEQUAL Expr
   73     | Expr . OP_AND Expr
   74     | Expr . OP_OR Expr
   80     | KEY_INSTANCEOF '(' Expr . ',' IDENTIFIER ')'

    '+'          shift, and go to state 111
    '-'          shift, and go to state 112
    '/'          shift, and go to state 113
    '*'          shift, and go to state 114
    '%'          shift, and go to state 115
    '<'          shift, and go to state 116
    '>'          shift, and go to state 117
    OP_LE        shift, and go to state 118
    OP_GE        shift, and go to state 119
    OP_EQUAL     shift, and go to state 120
    OP_NOTEQUAL  shift, and go to state 121
    OP_AND       shift, and go to state 122
    OP_OR        shift, and go to state 123
    '.'          shift, and go to state 124
    ','          shift, and go to state 164
    '['          shift, and go to state 125


State 137

   81 Expr: '(' KEY_CLASS IDENTIFIER . ')' Expr

    ')'  shift, and go to state 165


State 138

   60 Expr: '(' Expr ')' .

    $default  reduce using rule 60 (Expr)


State 139

   41 Call: IDENTIFIER '(' Actuals . ')'

    ')'  shift, and go to state 166


State 140

   43 Actuals: ExprList .
   45 ExprList: ExprList . ',' Expr

    ','  shift, and go to state 162

    $default  reduce using rule 43 (Actuals)


State 141

   36 SimpleStmt: LValue '=' Expr .
   39 LValue: Expr . '[' Expr ']'
   40       | Expr . '.' IDENTIFIER
   42 Call: Expr . '.' IDENTIFIER '(' Actuals ')'
   61 Expr: Expr . '+' Expr
   62     | Expr . '-' Expr
   63     | Expr . '*' Expr
   64     | Expr . '/' Expr
   65     | Expr . '%' Expr
   67     | Expr . '<' Expr
   68     | Expr . OP_LE Expr
   69     | Expr . '>' Expr
   70     | Expr . OP_GE Expr
   71     | Expr . OP_EQUAL Expr
   72     | Expr . OP_NOTEQUAL Expr
   73     | Expr . OP_AND Expr
   74     | Expr . OP_OR Expr

    '+'          shift, and go to state 111
    '-'          shift, and go to state 112
    '/'          shift, and go to state 113
    '*'          shift, and go to state 114
    '%'          shift, and go to state 115
    '<'          shift, and go to state 116
    '>'          shift, and go to state 117
    OP_LE        shift, and go to state 118
    OP_GE        shift, and go to state 119
    OP_EQUAL     shift, and go to state 120
    OP_NOTEQUAL  shift, and go to state 121
    OP_AND       shift, and go to state 122
    OP_OR        shift, and go to state 123
    '.'          shift, and go to state 124
    '['          shift, and go to state 125

    $default  reduce using rule 36 (SimpleStmt)


State 142

   39 LValue: Expr . '[' Expr ']'
   40       | Expr . '.' IDENTIFIER
   42 Call: Expr . '.' IDENTIFIER '(' Actuals ')'
   61 Expr: Expr . '+' Expr
   61     | Expr '+' Expr .
   62     | Expr . '-' Expr
   63     | Expr . '*' Expr
   64     | Expr . '/' Expr
   65     | Expr . '%' Expr
   67     | Expr . '<' Expr
   68     | Expr . OP_LE Expr
   69     | Expr . '>' Expr
   70     | Expr . OP_GE Expr
   71     | Expr . OP_EQUAL Expr
   72     | Expr . OP_NOTEQUAL Expr
   73     | Expr . OP_AND Expr
   74     | Expr . OP_OR Expr

    '/'  shift, and go to state 113
    '*'  shift, and go to state 114
    '%'  shift, and go to state 115
    '.'  shift, and go to state 124
    '['  shift, and go to state 125

    $default  reduce using rule 61 (Expr)


State 143

   39 LValue: Expr . '[' Expr ']'
   40       | Expr . '.' IDENTIFIER
   42 Call: Expr . '.' IDENTIFIER '(' Actuals ')'
   61 Expr: Expr . '+' Expr
   62     | Expr . '-' Expr
   62     | Expr '-' Expr .
   63     | Expr . '*' Expr
   64     | Expr . '/' Expr
   65     | Expr . '%' Expr
   67     | Expr . '<' Expr
   68     | Expr . OP_LE Expr
   69     | Expr . '>' Expr
   70     | Expr . OP_GE Expr
   71     | Expr . OP_EQUAL Expr
   72     | Expr . OP_NOTEQUAL Expr
   73     | Expr . OP_AND Expr
   74     | Expr . OP_OR Expr

    '/'  shift, and go to state 113
    '*'  shift, and go to state 114
    '%'  shift, and go to state 115
    '.'  shift, and go to state 124
    '['  shift, and go to state 125

    $default  reduce using rule 62 (Expr)


State 144

   39 LValue: Expr . '[' Expr ']'
   40       | Expr . '.' IDENTIFIER
   42 Call: Expr . '.' IDENTIFIER '(' Actuals ')'
   61 Expr: Expr . '+' Expr
   62     | Expr . '-' Expr
   63     | Expr . '*' Expr
   64     | Expr . '/' Expr
   64     | Expr '/' Expr .
   65     | Expr . '%' Expr
   67     | Expr . '<' Expr
   68     | Expr . OP_LE Expr
   69     | Expr . '>' Expr
   70     | Expr . OP_GE Expr
   71     | Expr . OP_EQUAL Expr
   72     | Expr . OP_NOTEQUAL Expr
   73     | Expr . OP_AND Expr
   74     | Expr . OP_OR Expr

    '.'  shift, and go to state 124
    '['  shift, and go to state 125

    $default  reduce using rule 64 (Expr)


State 145

   39 LValue: Expr . '[' Expr ']'
   40       | Expr . '.' IDENTIFIER
   42 Call: Expr . '.' IDENTIFIER '(' Actuals ')'
   61 Expr: Expr . '+' Expr
   62     | Expr . '-' Expr
   63     | Expr . '*' Expr
   63     | Expr '*' Expr .
   64     | Expr . '/' Expr
   65     | Expr . '%' Expr
   67     | Expr . '<' Expr
   68     | Expr . OP_LE Expr
   69     | Expr . '>' Expr
   70     | Expr . OP_GE Expr
   71     | Expr . OP_EQUAL Expr
   72     | Expr . OP_NOTEQUAL Expr
   73     | Expr . OP_AND Expr
   74     | Expr . OP_OR Expr

    '.'  shift, and go to state 124
    '['  shift, and go to state 125

    $default  reduce using rule 63 (Expr)


State 146

   39 LValue: Expr . '[' Expr ']'
   40       | Expr . '.' IDENTIFIER
   42 Call: Expr . '.' IDENTIFIER '(' Actuals ')'
   61 Expr: Expr . '+' Expr
   62     | Expr . '-' Expr
   63     | Expr . '*' Expr
   64     | Expr . '/' Expr
   65     | Expr . '%' Expr
   65     | Expr '%' Expr .
   67     | Expr . '<' Expr
   68     | Expr . OP_LE Expr
   69     | Expr . '>' Expr
   70     | Expr . OP_GE Expr
   71     | Expr . OP_EQUAL Expr
   72     | Expr . OP_NOTEQUAL Expr
   73     | Expr . OP_AND Expr
   74     | Expr . OP_OR Expr

    '.'  shift, and go to state 124
    '['  shift, and go to state 125

    $default  reduce using rule 65 (Expr)


State 147

   39 LValue: Expr . '[' Expr ']'
   40       | Expr . '.' IDENTIFIER
   42 Call: Expr . '.' IDENTIFIER '(' Actuals ')'
   61 Expr: Expr . '+' Expr
   62     | Expr . '-' Expr
   63     | Expr . '*' Expr
   64     | Expr . '/' Expr
   65     | Expr . '%' Expr
   67     | Expr . '<' Expr
   67     | Expr '<' Expr .
   68     | Expr . OP_LE Expr
   69     | Expr . '>' Expr
   70     | Expr . OP_GE Expr
   71     | Expr . OP_EQUAL Expr
   72     | Expr . OP_NOTEQUAL Expr
   73     | Expr . OP_AND Expr
   74     | Expr . OP_OR Expr

    '+'  shift, and go to state 111
    '-'  shift, and go to state 112
    '/'  shift, and go to state 113
    '*'  shift, and go to state 114
    '%'  shift, and go to state 115
    '.'  shift, and go to state 124
    '['  shift, and go to state 125

    $default  reduce using rule 67 (Expr)


State 148

   39 LValue: Expr . '[' Expr ']'
   40       | Expr . '.' IDENTIFIER
   42 Call: Expr . '.' IDENTIFIER '(' Actuals ')'
   61 Expr: Expr . '+' Expr
   62     | Expr . '-' Expr
   63     | Expr . '*' Expr
   64     | Expr . '/' Expr
   65     | Expr . '%' Expr
   67     | Expr . '<' Expr
   68     | Expr . OP_LE Expr
   69     | Expr . '>' Expr
   69     | Expr '>' Expr .
   70     | Expr . OP_GE Expr
   71     | Expr . OP_EQUAL Expr
   72     | Expr . OP_NOTEQUAL Expr
   73     | Expr . OP_AND Expr
   74     | Expr . OP_OR Expr

    '+'  shift, and go to state 111
    '-'  shift, and go to state 112
    '/'  shift, and go to state 113
    '*'  shift, and go to state 114
    '%'  shift, and go to state 115
    '.'  shift, and go to state 124
    '['  shift, and go to state 125

    $default  reduce using rule 69 (Expr)


State 149

   39 LValue: Expr . '[' Expr ']'
   40       | Expr . '.' IDENTIFIER
   42 Call: Expr . '.' IDENTIFIER '(' Actuals ')'
   61 Expr: Expr . '+' Expr
   62     | Expr . '-' Expr
   63     | Expr . '*' Expr
   64     | Expr . '/' Expr
   65     | Expr . '%' Expr
   67     | Expr . '<' Expr
   68     | Expr . OP_LE Expr
   68     | Expr OP_LE Expr .
   69     | Expr . '>' Expr
   70     | Expr . OP_GE Expr
   71     | Expr . OP_EQUAL Expr
   72     | Expr . OP_NOTEQUAL Expr
   73     | Expr . OP_AND Expr
   74     | Expr . OP_OR Expr

    '+'  shift, and go to state 111
    '-'  shift, and go to state 112
    '/'  shift, and go to state 113
    '*'  shift, and go to state 114
    '%'  shift, and go to state 115
    '.'  shift, and go to state 124
    '['  shift, and go to state 125

    $default  reduce using rule 68 (Expr)


State 150

   39 LValue: Expr . '[' Expr ']'
   40       | Expr . '.' IDENTIFIER
   42 Call: Expr . '.' IDENTIFIER '(' Actuals ')'
   61 Expr: Expr . '+' Expr
   62     | Expr . '-' Expr
   63     | Expr . '*' Expr
   64     | Expr . '/' Expr
   65     | Expr . '%' Expr
   67     | Expr . '<' Expr
   68     | Expr . OP_LE Expr
   69     | Expr . '>' Expr
   70     | Expr . OP_GE Expr
   70     | Expr OP_GE Expr .
   71     | Expr . OP_EQUAL Expr
   72     | Expr . OP_NOTEQUAL Expr
   73     | Expr . OP_AND Expr
   74     | Expr . OP_OR Expr

    '+'  shift, and go to state 111
    '-'  shift, and go to state 112
    '/'  shift, and go to state 113
    '*'  shift, and go to state 114
    '%'  shift, and go to state 115
    '.'  shift, and go to state 124
    '['  shift, and go to state 125

    $default  reduce using rule 70 (Expr)


State 151

   39 LValue: Expr . '[' Expr ']'
   40       | Expr . '.' IDENTIFIER
   42 Call: Expr . '.' IDENTIFIER '(' Actuals ')'
   61 Expr: Expr . '+' Expr
   62     | Expr . '-' Expr
   63     | Expr . '*' Expr
   64     | Expr . '/' Expr
   65     | Expr . '%' Expr
   67     | Expr . '<' Expr
   68     | Expr . OP_LE Expr
   69     | Expr . '>' Expr
   70     | Expr . OP_GE Expr
   71     | Expr . OP_EQUAL Expr
   71     | Expr OP_EQUAL Expr .
   72     | Expr . OP_NOTEQUAL Expr
   73     | Expr . OP_AND Expr
   74     | Expr . OP_OR Expr

    '+'    shift, and go to state 111
    '-'    shift, and go to state 112
    '/'    shift, and go to state 113
    '*'    shift, and go to state 114
    '%'    shift, and go to state 115
    '<'    shift, and go to state 116
    '>'    shift, and go to state 117
    OP_LE  shift, and go to state 118
    OP_GE  shift, and go to state 119
    '.'    shift, and go to state 124
    '['    shift, and go to state 125

    $default  reduce using rule 71 (Expr)


State 152

   39 LValue: Expr . '[' Expr ']'
   40       | Expr . '.' IDENTIFIER
   42 Call: Expr . '.' IDENTIFIER '(' Actuals ')'
   61 Expr: Expr . '+' Expr
   62     | Expr . '-' Expr
   63     | Expr . '*' Expr
   64     | Expr . '/' Expr
   65     | Expr . '%' Expr
   67     | Expr . '<' Expr
   68     | Expr . OP_LE Expr
   69     | Expr . '>' Expr
   70     | Expr . OP_GE Expr
   71     | Expr . OP_EQUAL Expr
   72     | Expr . OP_NOTEQUAL Expr
   72     | Expr OP_NOTEQUAL Expr .
   73     | Expr . OP_AND Expr
   74     | Expr . OP_OR Expr

    '+'    shift, and go to state 111
    '-'    shift, and go to state 112
    '/'    shift, and go to state 113
    '*'    shift, and go to state 114
    '%'    shift, and go to state 115
    '<'    shift, and go to state 116
    '>'    shift, and go to state 117
    OP_LE  shift, and go to state 118
    OP_GE  shift, and go to state 119
    '.'    shift, and go to state 124
    '['    shift, and go to state 125

    $default  reduce using rule 72 (Expr)


State 153

   39 LValue: Expr . '[' Expr ']'
   40       | Expr . '.' IDENTIFIER
   42 Call: Expr . '.' IDENTIFIER '(' Actuals ')'
   61 Expr: Expr . '+' Expr
   62     | Expr . '-' Expr
   63     | Expr . '*' Expr
   64     | Expr . '/' Expr
   65     | Expr . '%' Expr
   67     | Expr . '<' Expr
   68     | Expr . OP_LE Expr
   69     | Expr . '>' Expr
   70     | Expr . OP_GE Expr
   71     | Expr . OP_EQUAL Expr
   72     | Expr . OP_NOTEQUAL Expr
   73     | Expr . OP_AND Expr
   73     | Expr OP_AND Expr .
   74     | Expr . OP_OR Expr

    '+'          shift, and go to state 111
    '-'          shift, and go to state 112
    '/'          shift, and go to state 113
    '*'          shift, and go to state 114
    '%'          shift, and go to state 115
    '<'          shift, and go to state 116
    '>'          shift, and go to state 117
    OP_LE        shift, and go to state 118
    OP_GE        shift, and go to state 119
    OP_EQUAL     shift, and go to state 120
    OP_NOTEQUAL  shift, and go to state 121
    '.'          shift, and go to state 124
    '['          shift, and go to state 125

    $default  reduce using rule 73 (Expr)


State 154

   39 LValue: Expr . '[' Expr ']'
   40       | Expr . '.' IDENTIFIER
   42 Call: Expr . '.' IDENTIFIER '(' Actuals ')'
   61 Expr: Expr . '+' Expr
   62     | Expr . '-' Expr
   63     | Expr . '*' Expr
   64     | Expr . '/' Expr
   65     | Expr . '%' Expr
   67     | Expr . '<' Expr
   68     | Expr . OP_LE Expr
   69     | Expr . '>' Expr
   70     | Expr . OP_GE Expr
   71     | Expr . OP_EQUAL Expr
   72     | Expr . OP_NOTEQUAL Expr
   73     | Expr . OP_AND Expr
   74     | Expr . OP_OR Expr
   74     | Expr OP_OR Expr .

    '+'          shift, and go to state 111
    '-'          shift, and go to state 112
    '/'          shift, and go to state 113
    '*'          shift, and go to state 114
    '%'          shift, and go to state 115
    '<'          shift, and go to state 116
    '>'          shift, and go to state 117
    OP_LE        shift, and go to state 118
    OP_GE        shift, and go to state 119
    OP_EQUAL     shift, and go to state 120
    OP_NOTEQUAL  shift, and go to state 121
    OP_AND       shift, and go to state 122
    '.'          shift, and go to state 124
    '['          shift, and go to state 125

    $default  reduce using rule 74 (Expr)


State 155

   40 LValue: Expr '.' IDENTIFIER .
   42 Call: Expr '.' IDENTIFIER . '(' Actuals ')'

    '('  shift, and go to state 167

    $default  reduce using rule 40 (LValue)


State 156

   39 LValue: Expr . '[' Expr ']'
   39       | Expr '[' Expr . ']'
   40       | Expr . '.' IDENTIFIER
   42 Call: Expr . '.' IDENTIFIER '(' Actuals ')'
   61 Expr: Expr . '+' Expr
   62     | Expr . '-' Expr
   63     | Expr . '*' Expr
   64     | Expr . '/' Expr
   65     | Expr . '%' Expr
   67     | Expr . '<' Expr
   68     | Expr . OP_LE Expr
   69     | Expr . '>' Expr
   70     | Expr . OP_GE Expr
   71     | Expr . OP_EQUAL Expr
   72     | Expr . OP_NOTEQUAL Expr
   73     | Expr . OP_AND Expr
   74     | Expr . OP_OR Expr

    '+'          shift, and go to state 111
    '-'          shift, and go to state 112
    '/'          shift, and go to state 113
    '*'          shift, and go to state 114
    '%'          shift, and go to state 115
    '<'          shift, and go to state 116
    '>'          shift, and go to state 117
    OP_LE        shift, and go to state 118
    OP_GE        shift, and go to state 119
    OP_EQUAL     shift, and go to state 120
    OP_NOTEQUAL  shift, and go to state 121
    OP_AND       shift, and go to state 122
    OP_OR        shift, and go to state 123
    '.'          shift, and go to state 124
    '['          shift, and go to state 125
    ']'          shift, and go to state 168


State 157

   47 ForStmt: KEY_FOR '(' SimpleStmt ';' . BoolExpr ';' SimpleStmt ')' Stmt

    KEY_NEW            shift, and go to state 53
    KEY_THIS           shift, and go to state 54
    KEY_READINTEGER    shift, and go to state 59
    KEY_READLINE       shift, and go to state 60
    KEY_INSTANCEOF     shift, and go to state 61
    '-'                shift, and go to state 62
    '!'                shift, and go to state 63
    '('                shift, and go to state 64
    CONSTANT_BOOL      shift, and go to state 65
    CONSTANT_INT_D     shift, and go to state 66
    CONSTANT_INT_H     shift, and go to state 67
    CONSTANT_FLOAT     shift, and go to state 68
    CONSTANT_FLOAT_SC  shift, and go to state 69
    CONSTANT_STRING    shift, and go to state 70
    CONSTANT_NULL      shift, and go to state 71
    IDENTIFIER         shift, and go to state 72

    LValue    go to state 88
    Call      go to state 79
    BoolExpr  go to state 169
    Expr      go to state 130
    Constant  go to state 87


State 158

   78 Expr: KEY_NEW IDENTIFIER '(' ')' .

    $default  reduce using rule 78 (Expr)


State 159

   39 LValue: Expr . '[' Expr ']'
   40       | Expr . '.' IDENTIFIER
   42 Call: Expr . '.' IDENTIFIER '(' Actuals ')'
   61 Expr: Expr . '+' Expr
   62     | Expr . '-' Expr
   63     | Expr . '*' Expr
   64     | Expr . '/' Expr
   65     | Expr . '%' Expr
   67     | Expr . '<' Expr
   68     | Expr . OP_LE Expr
   69     | Expr . '>' Expr
   70     | Expr . OP_GE Expr
   71     | Expr . OP_EQUAL Expr
   72     | Expr . OP_NOTEQUAL Expr
   73     | Expr . OP_AND Expr
   74     | Expr . OP_OR Expr
   79     | KEY_NEW Type '[' Expr . ']'

    '+'          shift, and go to state 111
    '-'          shift, and go to state 112
    '/'          shift, and go to state 113
    '*'          shift, and go to state 114
    '%'          shift, and go to state 115
    '<'          shift, and go to state 116
    '>'          shift, and go to state 117
    OP_LE        shift, and go to state 118
    OP_GE        shift, and go to state 119
    OP_EQUAL     shift, and go to state 120
    OP_NOTEQUAL  shift, and go to state 121
    OP_AND       shift, and go to state 122
    OP_OR        shift, and go to state 123
    '.'          shift, and go to state 124
    '['          shift, and go to state 125
    ']'          shift, and go to state 170


State 160

   48 WhileStmt: KEY_WHILE '(' BoolExpr ')' . Stmt

    KEY_CLASS          shift, and go to state 11
    KEY_RETURN         shift, and go to state 51
    KEY_FOR            shift, and go to state 52
    KEY_NEW            shift, and go to state 53
    KEY_THIS           shift, and go to state 54
    KEY_WHILE          shift, and go to state 55
    KEY_BREAK          shift, and go to state 56
    KEY_IF             shift, and go to state 57
    KEY_PRINT          shift, and go to state 58
    KEY_READINTEGER    shift, and go to state 59
    KEY_READLINE       shift, and go to state 60
    KEY_INSTANCEOF     shift, and go to state 61
    '-'                shift, and go to state 62
    '!'                shift, and go to state 63
    '('                shift, and go to state 64
    '{'                shift, and go to state 47
    TYPE_VOID          shift, and go to state 13
    TYPE_INTEGER       shift, and go to state 14
    TYPE_FLOAT         shift, and go to state 15
    TYPE_BOOL          shift, and go to state 16
    TYPE_STRING        shift, and go to state 17
    CONSTANT_BOOL      shift, and go to state 65
    CONSTANT_INT_D     shift, and go to state 66
    CONSTANT_INT_H     shift, and go to state 67
    CONSTANT_FLOAT     shift, and go to state 68
    CONSTANT_FLOAT_SC  shift, and go to state 69
    CONSTANT_STRING    shift, and go to state 70
    CONSTANT_NULL      shift, and go to state 71
    IDENTIFIER         shift, and go to state 72

    $default  reduce using rule 37 (SimpleStmt)

    VariableDef  go to state 73
    Variable     go to state 20
    Type         go to state 39
    StmtBlock    go to state 74
    Stmt         go to state 171
    SimpleStmt   go to state 77
    LValue       go to state 78
    Call         go to state 79
    ForStmt      go to state 80
    WhileStmt    go to state 81
    IfStmt       go to state 82
    ReturnStmt   go to state 83
    BreakStmt    go to state 84
    PrintStmt    go to state 85
    Expr         go to state 86
    Constant     go to state 87


State 161

   49 IfStmt: KEY_IF '(' BoolExpr ')' . Stmt
   50       | KEY_IF '(' BoolExpr ')' . Stmt KEY_ELSE Stmt

    KEY_CLASS          shift, and go to state 11
    KEY_RETURN         shift, and go to state 51
    KEY_FOR            shift, and go to state 52
    KEY_NEW            shift, and go to state 53
    KEY_THIS           shift, and go to state 54
    KEY_WHILE          shift, and go to state 55
    KEY_BREAK          shift, and go to state 56
    KEY_IF             shift, and go to state 57
    KEY_PRINT          shift, and go to state 58
    KEY_READINTEGER    shift, and go to state 59
    KEY_READLINE       shift, and go to state 60
    KEY_INSTANCEOF     shift, and go to state 61
    '-'                shift, and go to state 62
    '!'                shift, and go to state 63
    '('                shift, and go to state 64
    '{'                shift, and go to state 47
    TYPE_VOID          shift, and go to state 13
    TYPE_INTEGER       shift, and go to state 14
    TYPE_FLOAT         shift, and go to state 15
    TYPE_BOOL          shift, and go to state 16
    TYPE_STRING        shift, and go to state 17
    CONSTANT_BOOL      shift, and go to state 65
    CONSTANT_INT_D     shift, and go to state 66
    CONSTANT_INT_H     shift, and go to state 67
    CONSTANT_FLOAT     shift, and go to state 68
    CONSTANT_FLOAT_SC  shift, and go to state 69
    CONSTANT_STRING    shift, and go to state 70
    CONSTANT_NULL      shift, and go to state 71
    IDENTIFIER         shift, and go to state 72

    $default  reduce using rule 37 (SimpleStmt)

    VariableDef  go to state 73
    Variable     go to state 20
    Type         go to state 39
    StmtBlock    go to state 74
    Stmt         go to state 172
    SimpleStmt   go to state 77
    LValue       go to state 78
    Call         go to state 79
    ForStmt      go to state 80
    WhileStmt    go to state 81
    IfStmt       go to state 82
    ReturnStmt   go to state 83
    BreakStmt    go to state 84
    PrintStmt    go to state 85
    Expr         go to state 86
    Constant     go to state 87


State 162

   45 ExprList: ExprList ',' . Expr

    KEY_NEW            shift, and go to state 53
    KEY_THIS           shift, and go to state 54
    KEY_READINTEGER    shift, and go to state 59
    KEY_READLINE       shift, and go to state 60
    KEY_INSTANCEOF     shift, and go to state 61
    '-'                shift, and go to state 62
    '!'                shift, and go to state 63
    '('                shift, and go to state 64
    CONSTANT_BOOL      shift, and go to state 65
    CONSTANT_INT_D     shift, and go to state 66
    CONSTANT_INT_H     shift, and go to state 67
    CONSTANT_FLOAT     shift, and go to state 68
    CONSTANT_FLOAT_SC  shift, and go to state 69
    CONSTANT_STRING    shift, and go to state 70
    CONSTANT_NULL      shift, and go to state 71
    IDENTIFIER         shift, and go to state 72

    LValue    go to state 88
    Call      go to state 79
    Expr      go to state 173
    Constant  go to state 87


State 163

   54 PrintStmt: KEY_PRINT '(' ExprList ')' .

    $default  reduce using rule 54 (PrintStmt)


State 164

   80 Expr: KEY_INSTANCEOF '(' Expr ',' . IDENTIFIER ')'

    IDENTIFIER  shift, and go to state 174


State 165

   81 Expr: '(' KEY_CLASS IDENTIFIER ')' . Expr

    KEY_NEW            shift, and go to state 53
    KEY_THIS           shift, and go to state 54
    KEY_READINTEGER    shift, and go to state 59
    KEY_READLINE       shift, and go to state 60
    KEY_INSTANCEOF     shift, and go to state 61
    '-'                shift, and go to state 62
    '!'                shift, and go to state 63
    '('                shift, and go to state 64
    CONSTANT_BOOL      shift, and go to state 65
    CONSTANT_INT_D     shift, and go to state 66
    CONSTANT_INT_H     shift, and go to state 67
    CONSTANT_FLOAT     shift, and go to state 68
    CONSTANT_FLOAT_SC  shift, and go to state 69
    CONSTANT_STRING    shift, and go to state 70
    CONSTANT_NULL      shift, and go to state 71
    IDENTIFIER         shift, and go to state 72

    LValue    go to state 88
    Call      go to state 79
    Expr      go to state 175
    Constant  go to state 87


State 166

   41 Call: IDENTIFIER '(' Actuals ')' .

    $default  reduce using rule 41 (Call)


State 167

   42 Call: Expr '.' IDENTIFIER '(' . Actuals ')'

    KEY_NEW            shift, and go to state 53
    KEY_THIS           shift, and go to state 54
    KEY_READINTEGER    shift, and go to state 59
    KEY_READLINE       shift, and go to state 60
    KEY_INSTANCEOF     shift, and go to state 61
    '-'                shift, and go to state 62
    '!'                shift, and go to state 63
    '('                shift, and go to state 64
    CONSTANT_BOOL      shift, and go to state 65
    CONSTANT_INT_D     shift, and go to state 66
    CONSTANT_INT_H     shift, and go to state 67
    CONSTANT_FLOAT     shift, and go to state 68
    CONSTANT_FLOAT_SC  shift, and go to state 69
    CONSTANT_STRING    shift, and go to state 70
    CONSTANT_NULL      shift, and go to state 71
    IDENTIFIER         shift, and go to state 72

    $default  reduce using rule 44 (Actuals)

    LValue    go to state 88
    Call      go to state 79
    Actuals   go to state 176
    ExprList  go to state 140
    Expr      go to state 133
    Constant  go to state 87


State 168

   39 LValue: Expr '[' Expr ']' .

    $default  reduce using rule 39 (LValue)


State 169

   47 ForStmt: KEY_FOR '(' SimpleStmt ';' BoolExpr . ';' SimpleStmt ')' Stmt

    ';'  shift, and go to state 177


State 170

   79 Expr: KEY_NEW Type '[' Expr ']' .

    $default  reduce using rule 79 (Expr)


State 171

   48 WhileStmt: KEY_WHILE '(' BoolExpr ')' Stmt .

    $default  reduce using rule 48 (WhileStmt)


State 172

   49 IfStmt: KEY_IF '(' BoolExpr ')' Stmt .
   50       | KEY_IF '(' BoolExpr ')' Stmt . KEY_ELSE Stmt

    KEY_ELSE  shift, and go to state 178

    $default  reduce using rule 49 (IfStmt)


State 173

   39 LValue: Expr . '[' Expr ']'
   40       | Expr . '.' IDENTIFIER
   42 Call: Expr . '.' IDENTIFIER '(' Actuals ')'
   45 ExprList: ExprList ',' Expr .
   61 Expr: Expr . '+' Expr
   62     | Expr . '-' Expr
   63     | Expr . '*' Expr
   64     | Expr . '/' Expr
   65     | Expr . '%' Expr
   67     | Expr . '<' Expr
   68     | Expr . OP_LE Expr
   69     | Expr . '>' Expr
   70     | Expr . OP_GE Expr
   71     | Expr . OP_EQUAL Expr
   72     | Expr . OP_NOTEQUAL Expr
   73     | Expr . OP_AND Expr
   74     | Expr . OP_OR Expr

    '+'          shift, and go to state 111
    '-'          shift, and go to state 112
    '/'          shift, and go to state 113
    '*'          shift, and go to state 114
    '%'          shift, and go to state 115
    '<'          shift, and go to state 116
    '>'          shift, and go to state 117
    OP_LE        shift, and go to state 118
    OP_GE        shift, and go to state 119
    OP_EQUAL     shift, and go to state 120
    OP_NOTEQUAL  shift, and go to state 121
    OP_AND       shift, and go to state 122
    OP_OR        shift, and go to state 123
    '.'          shift, and go to state 124
    '['          shift, and go to state 125

    $default  reduce using rule 45 (ExprList)


State 174

   80 Expr: KEY_INSTANCEOF '(' Expr ',' IDENTIFIER . ')'

    ')'  shift, and go to state 179


State 175

   39 LValue: Expr . '[' Expr ']'
   40       | Expr . '.' IDENTIFIER
   42 Call: Expr . '.' IDENTIFIER '(' Actuals ')'
   61 Expr: Expr . '+' Expr
   62     | Expr . '-' Expr
   63     | Expr . '*' Expr
   64     | Expr . '/' Expr
   65     | Expr . '%' Expr
   67     | Expr . '<' Expr
   68     | Expr . OP_LE Expr
   69     | Expr . '>' Expr
   70     | Expr . OP_GE Expr
   71     | Expr . OP_EQUAL Expr
   72     | Expr . OP_NOTEQUAL Expr
   73     | Expr . OP_AND Expr
   74     | Expr . OP_OR Expr
   81     | '(' KEY_CLASS IDENTIFIER ')' Expr .

    $default  reduce using rule 81 (Expr)


State 176

   42 Call: Expr '.' IDENTIFIER '(' Actuals . ')'

    ')'  shift, and go to state 180


State 177

   47 ForStmt: KEY_FOR '(' SimpleStmt ';' BoolExpr ';' . SimpleStmt ')' Stmt

    KEY_NEW            shift, and go to state 53
    KEY_THIS           shift, and go to state 54
    KEY_READINTEGER    shift, and go to state 59
    KEY_READLINE       shift, and go to state 60
    KEY_INSTANCEOF     shift, and go to state 61
    '-'                shift, and go to state 62
    '!'                shift, and go to state 63
    '('                shift, and go to state 64
    CONSTANT_BOOL      shift, and go to state 65
    CONSTANT_INT_D     shift, and go to state 66
    CONSTANT_INT_H     shift, and go to state 67
    CONSTANT_FLOAT     shift, and go to state 68
    CONSTANT_FLOAT_SC  shift, and go to state 69
    CONSTANT_STRING    shift, and go to state 70
    CONSTANT_NULL      shift, and go to state 71
    IDENTIFIER         shift, and go to state 72

    $default  reduce using rule 37 (SimpleStmt)

    SimpleStmt  go to state 181
    LValue      go to state 78
    Call        go to state 79
    Expr        go to state 86
    Constant    go to state 87


State 178

   50 IfStmt: KEY_IF '(' BoolExpr ')' Stmt KEY_ELSE . Stmt

    KEY_CLASS          shift, and go to state 11
    KEY_RETURN         shift, and go to state 51
    KEY_FOR            shift, and go to state 52
    KEY_NEW            shift, and go to state 53
    KEY_THIS           shift, and go to state 54
    KEY_WHILE          shift, and go to state 55
    KEY_BREAK          shift, and go to state 56
    KEY_IF             shift, and go to state 57
    KEY_PRINT          shift, and go to state 58
    KEY_READINTEGER    shift, and go to state 59
    KEY_READLINE       shift, and go to state 60
    KEY_INSTANCEOF     shift, and go to state 61
    '-'                shift, and go to state 62
    '!'                shift, and go to state 63
    '('                shift, and go to state 64
    '{'                shift, and go to state 47
    TYPE_VOID          shift, and go to state 13
    TYPE_INTEGER       shift, and go to state 14
    TYPE_FLOAT         shift, and go to state 15
    TYPE_BOOL          shift, and go to state 16
    TYPE_STRING        shift, and go to state 17
    CONSTANT_BOOL      shift, and go to state 65
    CONSTANT_INT_D     shift, and go to state 66
    CONSTANT_INT_H     shift, and go to state 67
    CONSTANT_FLOAT     shift, and go to state 68
    CONSTANT_FLOAT_SC  shift, and go to state 69
    CONSTANT_STRING    shift, and go to state 70
    CONSTANT_NULL      shift, and go to state 71
    IDENTIFIER         shift, and go to state 72

    $default  reduce using rule 37 (SimpleStmt)

    VariableDef  go to state 73
    Variable     go to state 20
    Type         go to state 39
    StmtBlock    go to state 74
    Stmt         go to state 182
    SimpleStmt   go to state 77
    LValue       go to state 78
    Call         go to state 79
    ForStmt      go to state 80
    WhileStmt    go to state 81
    IfStmt       go to state 82
    ReturnStmt   go to state 83
    BreakStmt    go to state 84
    PrintStmt    go to state 85
    Expr         go to state 86
    Constant     go to state 87


State 179

   80 Expr: KEY_INSTANCEOF '(' Expr ',' IDENTIFIER ')' .

    $default  reduce using rule 80 (Expr)


State 180

   42 Call: Expr '.' IDENTIFIER '(' Actuals ')' .

    $default  reduce using rule 42 (Call)


State 181

   47 ForStmt: KEY_FOR '(' SimpleStmt ';' BoolExpr ';' SimpleStmt . ')' Stmt

    ')'  shift, and go to state 183


State 182

   50 IfStmt: KEY_IF '(' BoolExpr ')' Stmt KEY_ELSE Stmt .

    $default  reduce using rule 50 (IfStmt)


State 183

   47 ForStmt: KEY_FOR '(' SimpleStmt ';' BoolExpr ';' SimpleStmt ')' . Stmt

    KEY_CLASS          shift, and go to state 11
    KEY_RETURN         shift, and go to state 51
    KEY_FOR            shift, and go to state 52
    KEY_NEW            shift, and go to state 53
    KEY_THIS           shift, and go to state 54
    KEY_WHILE          shift, and go to state 55
    KEY_BREAK          shift, and go to state 56
    KEY_IF             shift, and go to state 57
    KEY_PRINT          shift, and go to state 58
    KEY_READINTEGER    shift, and go to state 59
    KEY_READLINE       shift, and go to state 60
    KEY_INSTANCEOF     shift, and go to state 61
    '-'                shift, and go to state 62
    '!'                shift, and go to state 63
    '('                shift, and go to state 64
    '{'                shift, and go to state 47
    TYPE_VOID          shift, and go to state 13
    TYPE_INTEGER       shift, and go to state 14
    TYPE_FLOAT         shift, and go to state 15
    TYPE_BOOL          shift, and go to state 16
    TYPE_STRING        shift, and go to state 17
    CONSTANT_BOOL      shift, and go to state 65
    CONSTANT_INT_D     shift, and go to state 66
    CONSTANT_INT_H     shift, and go to state 67
    CONSTANT_FLOAT     shift, and go to state 68
    CONSTANT_FLOAT_SC  shift, and go to state 69
    CONSTANT_STRING    shift, and go to state 70
    CONSTANT_NULL      shift, and go to state 71
    IDENTIFIER         shift, and go to state 72

    $default  reduce using rule 37 (SimpleStmt)

    VariableDef  go to state 73
    Variable     go to state 20
    Type         go to state 39
    StmtBlock    go to state 74
    Stmt         go to state 184
    SimpleStmt   go to state 77
    LValue       go to state 78
    Call         go to state 79
    ForStmt      go to state 80
    WhileStmt    go to state 81
    IfStmt       go to state 82
    ReturnStmt   go to state 83
    BreakStmt    go to state 84
    PrintStmt    go to state 85
    Expr         go to state 86
    Constant     go to state 87


State 184

   47 ForStmt: KEY_FOR '(' SimpleStmt ';' BoolExpr ';' SimpleStmt ')' Stmt .

    $default  reduce using rule 47 (ForStmt)
